#
# There is insufficient memory for the Java Runtime Environment to continue.
# Native memory allocation (malloc) failed to allocate 1048576 bytes. Error detail: AllocateHeap
# Possible reasons:
#   The system is out of physical RAM or swap space
#   This process is running with CompressedOops enabled, and the Java Heap may be blocking the growth of the native heap
# Possible solutions:
#   Reduce memory load on the system
#   Increase physical memory or swap space
#   Check if swap backing store is full
#   Decrease Java heap size (-Xmx/-Xms)
#   Decrease number of Java threads
#   Decrease Java thread stack sizes (-Xss)
#   Set larger code cache with -XX:ReservedCodeCacheSize=
#   JVM is running with Unscaled Compressed Oops mode in which the Java heap is
#     placed in the first 4GB address space. The Java Heap base address is the
#     maximum limit for the native heap growth. Please use -XX:HeapBaseMinAddress
#     to set the Java Heap base and to place the Java Heap above 4GB virtual address.
# This output file may be truncated or incomplete.
#
#  Out of Memory Error (allocation.cpp:44), pid=28656, tid=24516
#
# JRE version: OpenJDK Runtime Environment Temurin-21.0.10+7 (21.0.10+7) (build 21.0.10+7-LTS)
# Java VM: OpenJDK 64-Bit Server VM Temurin-21.0.10+7 (21.0.10+7-LTS, mixed mode, sharing, tiered, compressed oops, compressed class ptrs, parallel gc, windows-amd64)
# No core dump will be written. Minidumps are not enabled by default on client versions of Windows
#

---------------  S U M M A R Y ------------

Command Line: --add-modules=ALL-SYSTEM --add-opens=java.base/java.util=ALL-UNNAMED --add-opens=java.base/java.lang=ALL-UNNAMED --add-opens=java.base/sun.nio.fs=ALL-UNNAMED -Declipse.application=org.eclipse.jdt.ls.core.id1 -Dosgi.bundles.defaultStartLevel=4 -Declipse.product=org.eclipse.jdt.ls.core.product -Djava.import.generatesMetadataFilesAtProjectRoot=false -DDetectVMInstallationsJob.disabled=true -Dfile.encoding=utf8 -XX:+UseParallelGC -XX:GCTimeRatio=4 -XX:AdaptiveSizePolicyWeight=90 -Dsun.zip.disableMemoryMapping=true -Xmx2G -Xms100m -Xlog:disable -javaagent:c:\Users\MyBook Hype AMD\.vscode\extensions\redhat.java-1.54.0-win32-x64\lombok\lombok-1.18.39-4050.jar -XX:+HeapDumpOnOutOfMemoryError -XX:HeapDumpPath=c:\Users\MyBook Hype AMD\AppData\Roaming\Code\User\workspaceStorage\f464893c0af39f6f22b0d6d4e0a43b61\redhat.java -Daether.dependencyCollector.impl=bf c:\Users\MyBook Hype AMD\.vscode\extensions\redhat.java-1.54.0-win32-x64\server\plugins\org.eclipse.equinox.launcher_1.7.100.v20251111-0406.jar -configuration c:\Users\MyBook Hype AMD\AppData\Roaming\Code\User\globalStorage\redhat.java\1.54.0\config_win -data c:\Users\MyBook Hype AMD\AppData\Roaming\Code\User\workspaceStorage\f464893c0af39f6f22b0d6d4e0a43b61\redhat.java\jdt_ws --pipe=\\.\pipe\lsp-cdae92b21a9484094611376f71189137-sock

Host: AMD Ryzen 5 5500U with Radeon Graphics         , 12 cores, 7G,  Windows 11 , 64 bit Build 26100 (10.0.26100.7705)
Time: Mon Jun 15 22:14:11 2026 SE Asia Standard Time elapsed time: 1446.776896 seconds (0d 0h 24m 6s)

---------------  T H R E A D  ---------------

Current thread (0x000001dfa621c660):  JavaThread "Attach Listener" daemon [_thread_in_vm, id=24516, stack(0x000000ba17e00000,0x000000ba17f00000) (1024K)]

Stack: [0x000000ba17e00000,0x000000ba17f00000]
Native frames: (J=compiled Java code, j=interpreted, Vv=VM code, C=native code)
V  [jvm.dll+0x6d7a39]
V  [jvm.dll+0x8b4b26]
V  [jvm.dll+0x8b70de]
V  [jvm.dll+0x8b77c3]
V  [jvm.dll+0x284346]
V  [jvm.dll+0xc1277]
V  [jvm.dll+0x6d82e9]
V  [jvm.dll+0x1334a6]
V  [jvm.dll+0x3f857e]
V  [jvm.dll+0x85f59d]
V  [jvm.dll+0x6d626d]
C  [ucrtbase.dll+0x37b0]
C  [KERNEL32.DLL+0x2e8d7]
C  [ntdll.dll+0x8c40c]


---------------  P R O C E S S  ---------------

Threads class SMR info:
_java_thread_list=0x000001df8966cb60, length=45, elements={
0x000001dfa3d39a30, 0x000001dfa611d140, 0x000001dfa611dba0, 0x000001dfa6218a10,
0x000001dfa621c660, 0x000001dfa6222ca0, 0x000001dffef220f0, 0x000001dffef26f00,
0x000001dffef28120, 0x000001dfff109740, 0x000001dfff1a0380, 0x000001df8457cc00,
0x000001df84818ba0, 0x000001df848198c0, 0x000001df84817160, 0x000001df84818510,
0x000001df84819230, 0x000001df8481a5e0, 0x000001df848177f0, 0x000001df852e8bb0,
0x000001df852e7e90, 0x000001df852e7800, 0x000001df852e98d0, 0x000001df852e6450,
0x000001df852ed3e0, 0x000001df852eb9a0, 0x000001df852eac80, 0x000001df852ea5f0,
0x000001df852ec030, 0x000001df852e9f60, 0x000001df852eb310, 0x000001df852ec6c0,
0x000001df852ecd50, 0x000001df852eda70, 0x000001df868944a0, 0x000001df86895ee0,
0x000001df86892a60, 0x000001df87fa3da0, 0x000001df850f1470, 0x000001df850efa30,
0x000001df850f2190, 0x000001df850f00c0, 0x000001df850eed10, 0x000001df850f0750,
0x000001df850f5ca0
}

Java Threads: ( => current thread )
  0x000001dfa3d39a30 JavaThread "main"                              [_thread_blocked, id=992, stack(0x000000ba17700000,0x000000ba17800000) (1024K)]
  0x000001dfa611d140 JavaThread "Reference Handler"          daemon [_thread_blocked, id=26804, stack(0x000000ba17b00000,0x000000ba17c00000) (1024K)]
  0x000001dfa611dba0 JavaThread "Finalizer"                  daemon [_thread_blocked, id=2260, stack(0x000000ba17c00000,0x000000ba17d00000) (1024K)]
  0x000001dfa6218a10 JavaThread "Signal Dispatcher"          daemon [_thread_blocked, id=11956, stack(0x000000ba17d00000,0x000000ba17e00000) (1024K)]
=>0x000001dfa621c660 JavaThread "Attach Listener"            daemon [_thread_in_vm, id=24516, stack(0x000000ba17e00000,0x000000ba17f00000) (1024K)]
  0x000001dfa6222ca0 JavaThread "Service Thread"             daemon [_thread_blocked, id=26904, stack(0x000000ba17f00000,0x000000ba18000000) (1024K)]
  0x000001dffef220f0 JavaThread "Monitor Deflation Thread"   daemon [_thread_blocked, id=29816, stack(0x000000ba18000000,0x000000ba18100000) (1024K)]
  0x000001dffef26f00 JavaThread "C2 CompilerThread0"         daemon [_thread_blocked, id=15688, stack(0x000000ba18100000,0x000000ba18200000) (1024K)]
  0x000001dffef28120 JavaThread "C1 CompilerThread0"         daemon [_thread_blocked, id=2384, stack(0x000000ba18200000,0x000000ba18300000) (1024K)]
  0x000001dfff109740 JavaThread "Common-Cleaner"             daemon [_thread_blocked, id=17456, stack(0x000000ba18300000,0x000000ba18400000) (1024K)]
  0x000001dfff1a0380 JavaThread "Notification Thread"        daemon [_thread_blocked, id=20976, stack(0x000000ba18500000,0x000000ba18600000) (1024K)]
  0x000001df8457cc00 JavaThread "Active Thread: Equinox Container: fe86fc22-e9dd-4ce2-9be4-7d345b170896"        [_thread_blocked, id=18760, stack(0x000000ba18d00000,0x000000ba18e00000) (1024K)]
  0x000001df84818ba0 JavaThread "Refresh Thread: Equinox Container: fe86fc22-e9dd-4ce2-9be4-7d345b170896" daemon [_thread_blocked, id=19144, stack(0x000000ba18600000,0x000000ba18700000) (1024K)]
  0x000001df848198c0 JavaThread "Framework Event Dispatcher: Equinox Container: fe86fc22-e9dd-4ce2-9be4-7d345b170896" daemon [_thread_blocked, id=5332, stack(0x000000ba18e00000,0x000000ba18f00000) (1024K)]
  0x000001df84817160 JavaThread "Start Level: Equinox Container: fe86fc22-e9dd-4ce2-9be4-7d345b170896" daemon [_thread_blocked, id=10100, stack(0x000000ba18f00000,0x000000ba19000000) (1024K)]
  0x000001df84818510 JavaThread "Bundle File Closer"         daemon [_thread_blocked, id=10196, stack(0x000000ba19300000,0x000000ba19400000) (1024K)]
  0x000001df84819230 JavaThread "SCR Component Actor"        daemon [_thread_blocked, id=26316, stack(0x000000ba19000000,0x000000ba19100000) (1024K)]
  0x000001df8481a5e0 JavaThread "Worker-JM"                         [_thread_blocked, id=17100, stack(0x000000ba19500000,0x000000ba19600000) (1024K)]
  0x000001df848177f0 JavaThread "JNA Cleaner"                daemon [_thread_blocked, id=6700, stack(0x000000ba19400000,0x000000ba19500000) (1024K)]
  0x000001df852e8bb0 JavaThread "Java indexing"              daemon [_thread_blocked, id=26340, stack(0x000000ba19800000,0x000000ba19900000) (1024K)]
  0x000001df852e7e90 JavaThread "Worker-2"                          [_thread_blocked, id=12564, stack(0x000000ba19900000,0x000000ba19a00000) (1024K)]
  0x000001df852e7800 JavaThread "Thread-1"                   daemon [_thread_in_native, id=22696, stack(0x000000ba19e00000,0x000000ba19f00000) (1024K)]
  0x000001df852e98d0 JavaThread "Thread-2"                   daemon [_thread_in_native, id=17512, stack(0x000000ba19f00000,0x000000ba1a000000) (1024K)]
  0x000001df852e6450 JavaThread "Thread-3"                   daemon [_thread_in_native, id=18772, stack(0x000000ba1a000000,0x000000ba1a100000) (1024K)]
  0x000001df852ed3e0 JavaThread "Thread-4"                   daemon [_thread_in_native, id=20308, stack(0x000000ba1a100000,0x000000ba1a200000) (1024K)]
  0x000001df852eb9a0 JavaThread "Thread-5"                   daemon [_thread_in_native, id=13456, stack(0x000000ba1a200000,0x000000ba1a300000) (1024K)]
  0x000001df852eac80 JavaThread "Thread-6"                   daemon [_thread_in_native, id=17360, stack(0x000000ba1a300000,0x000000ba1a400000) (1024K)]
  0x000001df852ea5f0 JavaThread "Thread-7"                   daemon [_thread_in_native, id=8948, stack(0x000000ba1a400000,0x000000ba1a500000) (1024K)]
  0x000001df852ec030 JavaThread "Thread-8"                   daemon [_thread_in_native, id=17560, stack(0x000000ba1a500000,0x000000ba1a600000) (1024K)]
  0x000001df852e9f60 JavaThread "Thread-9"                   daemon [_thread_in_native, id=20740, stack(0x000000ba1a600000,0x000000ba1a700000) (1024K)]
  0x000001df852eb310 JavaThread "Thread-10"                  daemon [_thread_in_native, id=3952, stack(0x000000ba1a700000,0x000000ba1a800000) (1024K)]
  0x000001df852ec6c0 JavaThread "Thread-11"                  daemon [_thread_in_native, id=27108, stack(0x000000ba1a800000,0x000000ba1a900000) (1024K)]
  0x000001df852ecd50 JavaThread "Thread-12"                  daemon [_thread_in_native, id=10316, stack(0x000000ba1a900000,0x000000ba1aa00000) (1024K)]
  0x000001df852eda70 JavaThread "Thread-13"                  daemon [_thread_in_native, id=28540, stack(0x000000ba1aa00000,0x000000ba1ab00000) (1024K)]
  0x000001df868944a0 JavaThread "pool-2-thread-1"                   [_thread_blocked, id=16160, stack(0x000000ba1ab00000,0x000000ba1ac00000) (1024K)]
  0x000001df86895ee0 JavaThread "WorkspaceEventsHandler"            [_thread_blocked, id=12240, stack(0x000000ba1ae00000,0x000000ba1af00000) (1024K)]
  0x000001df86892a60 JavaThread "pool-1-thread-1"                   [_thread_blocked, id=25456, stack(0x000000ba1af00000,0x000000ba1b000000) (1024K)]
  0x000001df87fa3da0 JavaThread "Cleaner-0"                  daemon [_thread_blocked, id=25036, stack(0x000000ba1ac00000,0x000000ba1ad00000) (1024K)]
  0x000001df850f1470 JavaThread "Worker-5"                          [_thread_blocked, id=19792, stack(0x000000ba17400000,0x000000ba17500000) (1024K)]
  0x000001df850efa30 JavaThread "Java Debug Server"          daemon [_thread_in_native, id=15304, stack(0x000000ba17600000,0x000000ba17700000) (1024K)]
  0x000001df850f2190 JavaThread "pool-4-thread-1"                   [_thread_in_native, id=6036, stack(0x000000ba19600000,0x000000ba19700000) (1024K)]
  0x000001df850f00c0 JavaThread "RxSchedulerPurge-1"         daemon [_thread_blocked, id=18532, stack(0x000000ba19700000,0x000000ba19800000) (1024K)]
  0x000001df850eed10 JavaThread "RxCachedWorkerPoolEvictor-1" daemon [_thread_blocked, id=22028, stack(0x000000ba19a00000,0x000000ba19b00000) (1024K)]
  0x000001df850f0750 JavaThread "RxNewThreadScheduler-1"     daemon [_thread_blocked, id=8340, stack(0x000000ba19b00000,0x000000ba19c00000) (1024K)]
  0x000001df850f5ca0 JavaThread "process reaper (pid 19260)" daemon [_thread_in_native, id=17164, stack(0x000000ba17130000,0x000000ba17150000) (128K)]
Total: 45

Other Threads:
  0x000001dfa6102cd0 VMThread "VM Thread"                           [id=31280, stack(0x000000ba17a00000,0x000000ba17b00000) (1024K)]
  0x000001dfa61dce00 WatcherThread "VM Periodic Task Thread"        [id=22824, stack(0x000000ba17900000,0x000000ba17a00000) (1024K)]
  0x000001dfa618e590 WorkerThread "GC Thread#0"                     [id=17908, stack(0x000000ba17800000,0x000000ba17900000) (1024K)]
  0x000001df840749d0 WorkerThread "GC Thread#1"                     [id=28220, stack(0x000000ba18700000,0x000000ba18800000) (1024K)]
  0x000001df8475c930 WorkerThread "GC Thread#2"                     [id=30456, stack(0x000000ba18800000,0x000000ba18900000) (1024K)]
  0x000001df8475cce0 WorkerThread "GC Thread#3"                     [id=13112, stack(0x000000ba18900000,0x000000ba18a00000) (1024K)]
  0x000001df84074d80 WorkerThread "GC Thread#4"                     [id=18448, stack(0x000000ba18a00000,0x000000ba18b00000) (1024K)]
  0x000001df84075130 WorkerThread "GC Thread#5"                     [id=11296, stack(0x000000ba18b00000,0x000000ba18c00000) (1024K)]
  0x000001df840754e0 WorkerThread "GC Thread#6"                     [id=8412, stack(0x000000ba18c00000,0x000000ba18d00000) (1024K)]
  0x000001dfff1a3560 WorkerThread "GC Thread#7"                     [id=3144, stack(0x000000ba18400000,0x000000ba18500000) (1024K)]
  0x000001dfff03c740 WorkerThread "GC Thread#8"                     [id=19524, stack(0x000000ba19100000,0x000000ba19200000) (1024K)]
  0x000001df843a92e0 WorkerThread "GC Thread#9"                     [id=4140, stack(0x000000ba19200000,0x000000ba19300000) (1024K)]
Total: 12

Threads with active compile tasks:
Total: 0

VM state: not at safepoint (normal execution)

VM Mutex/Monitor currently owned by a thread: None

Heap address: 0x0000000080000000, size: 2048 MB, Compressed Oops mode: 32-bit

CDS archive(s) mapped at: [0x000001dfbd000000-0x000001dfbdba0000-0x000001dfbdba0000), size 12189696, SharedBaseAddress: 0x000001dfbd000000, ArchiveRelocationMode: 1.
Compressed class space mapped at: 0x000001dfbe000000-0x000001dffe000000, reserved size: 1073741824
Narrow klass base: 0x000001dfbd000000, Narrow klass shift: 0, Narrow klass range: 0x100000000

GC Precious Log:
 CardTable entry size: 512
 CPUs: 12 total, 12 available
 Memory: 7560M
 Large Page Support: Disabled
 NUMA Support: Disabled
 Compressed Oops: Enabled (32-bit)
 Alignments: Space 512K, Generation 512K, Heap 2M
 Heap Min Capacity: 100M
 Heap Initial Capacity: 100M
 Heap Max Capacity: 2G
 Pre-touch: Disabled
 Parallel Workers: 10

Heap:
 PSYoungGen      total 3584K, used 1929K [0x00000000d5580000, 0x00000000d5c00000, 0x0000000100000000)
  eden space 3072K, 51% used [0x00000000d5580000,0x00000000d570a5f8,0x00000000d5880000)
  from space 512K, 68% used [0x00000000d5880000,0x00000000d58d8000,0x00000000d5900000)
  to   space 512K, 0% used [0x00000000d5b80000,0x00000000d5b80000,0x00000000d5c00000)
 ParOldGen       total 253440K, used 253398K [0x0000000080000000, 0x000000008f780000, 0x00000000d5580000)
  object space 253440K, 99% used [0x0000000080000000,0x000000008f775bd0,0x000000008f780000)
 Metaspace       used 78248K, committed 79936K, reserved 1179648K
  class space    used 8357K, committed 9088K, reserved 1048576K

Card table byte_map: [0x000001dfa5b10000,0x000001dfa5f20000] _byte_map_base: 0x000001dfa5710000

Marking Bits: (ParMarkBitMap*) 0x00007ff97d5c3450
 Begin Bits: [0x000001dfb8620000, 0x000001dfba620000)
 End Bits:   [0x000001dfba620000, 0x000001dfbc620000)

Polling page: 0x000001dfa3fb0000

Metaspace:

Usage:
  Non-class:     68.25 MB used.
      Class:      8.16 MB used.
       Both:     76.41 MB used.

Virtual space:
  Non-class space:      128.00 MB reserved,      69.19 MB ( 54%) committed,  2 nodes.
      Class space:        1.00 GB reserved,       8.88 MB ( <1%) committed,  1 nodes.
             Both:        1.12 GB reserved,      78.06 MB (  7%) committed. 

Chunk freelists:
   Non-Class:  10.06 MB
       Class:  7.17 MB
        Both:  17.23 MB

MaxMetaspaceSize: unlimited
CompressedClassSpaceSize: 1.00 GB
Initial GC threshold: 21.00 MB
Current GC threshold: 97.31 MB
CDS: on
 - commit_granule_bytes: 65536.
 - commit_granule_words: 8192.
 - virtual_space_node_default_size: 8388608.
 - enlarge_chunks_in_place: 1.
 - use_allocation_guard: 0.


Internal statistics:

num_allocs_failed_limit: 9.
num_arena_births: 1416.
num_arena_deaths: 14.
num_vsnodes_births: 3.
num_vsnodes_deaths: 0.
num_space_committed: 1249.
num_space_uncommitted: 0.
num_chunks_returned_to_freelist: 23.
num_chunks_taken_from_freelist: 5020.
num_chunk_merges: 12.
num_chunk_splits: 3044.
num_chunks_enlarged: 1665.
num_inconsistent_stats: 0.

CodeHeap 'non-profiled nmethods': size=120000Kb used=10825Kb max_used=10825Kb free=109175Kb
 bounds [0x000001dfb0e40000, 0x000001dfb18e0000, 0x000001dfb8370000]
CodeHeap 'profiled nmethods': size=120000Kb used=30075Kb max_used=30075Kb free=89924Kb
 bounds [0x000001dfa9370000, 0x000001dfab0d0000, 0x000001dfb08a0000]
CodeHeap 'non-nmethods': size=5760Kb used=1509Kb max_used=1583Kb free=4250Kb
 bounds [0x000001dfb08a0000, 0x000001dfb0b10000, 0x000001dfb0e40000]
CodeCache: size=245760Kb, used=42409Kb, max_used=42483Kb, free=203349Kb
 total_blobs=14117, nmethods=13283, adapters=737, full_count=0
Compilation: enabled, stopped_count=0, restarted_count=0

Compilation events (20 events):
Event: 881.991 Thread 0x000001dffef28120 14066       3       java.util.concurrent.ScheduledThreadPoolExecutor::reExecutePeriodic (49 bytes)
Event: 881.994 Thread 0x000001dffef28120 nmethod 14066 0x000001dfab0ccf10 code [0x000001dfab0cd140, 0x000001dfab0cd8c0]
Event: 967.970 Thread 0x000001dffef28120 14067       3       java.util.concurrent.locks.AbstractQueuedSynchronizer$Node::setStatusRelaxed (12 bytes)
Event: 968.003 Thread 0x000001dffef28120 nmethod 14067 0x000001dfab0cdb10 code [0x000001dfab0cdca0, 0x000001dfab0cddb8]
Event: 997.968 Thread 0x000001dffef28120 14068       3       java.util.concurrent.ConcurrentHashMap::mappingCount (17 bytes)
Event: 997.982 Thread 0x000001dffef28120 nmethod 14068 0x000001dfab0cde90 code [0x000001dfab0ce040, 0x000001dfab0ce1c8]
Event: 1004.978 Thread 0x000001dffef26f00 14069       4       java.util.concurrent.ConcurrentHashMap$KeyIterator::next (34 bytes)
Event: 1005.051 Thread 0x000001dffef26f00 nmethod 14069 0x000001dfb18cf310 code [0x000001dfb18cf4a0, 0x000001dfb18cf6d8]
Event: 1106.977 Thread 0x000001dffef26f00 14070   !   4       java.util.concurrent.ThreadPoolExecutor::tryTerminate (177 bytes)
Event: 1107.018 Thread 0x000001dffef26f00 nmethod 14070 0x000001dfb18cf890 code [0x000001dfb18cfa20, 0x000001dfb18cfae8]
Event: 1107.969 Thread 0x000001dffef26f00 14071   !   4       java.util.concurrent.ThreadPoolExecutor::purge (131 bytes)
Event: 1108.176 Thread 0x000001dffef26f00 nmethod 14071 0x000001dfb18cfc10 code [0x000001dfb18cfe60, 0x000001dfb18d07a8]
Event: 1108.177 Thread 0x000001dffef26f00 14072   !   4       java.util.concurrent.ScheduledThreadPoolExecutor$DelayedWorkQueue::iterator (45 bytes)
Event: 1108.206 Thread 0x000001dffef26f00 nmethod 14072 0x000001dfb18d1090 code [0x000001dfb18d1280, 0x000001dfb18d1978]
Event: 1175.149 Thread 0x000001dffef26f00 14073       4       jdk.internal.misc.Unsafe::putIntOpaque (9 bytes)
Event: 1175.166 Thread 0x000001dffef26f00 nmethod 14073 0x000001dfb18d1e10 code [0x000001dfb18d1fa0, 0x000001dfb18d2038]
Event: 1288.076 Thread 0x000001dffef28120 14074       3       org.eclipse.core.internal.jobs.JobManager::now (16 bytes)
Event: 1288.131 Thread 0x000001dffef28120 nmethod 14074 0x000001dfab0ce290 code [0x000001dfab0ce4a0, 0x000001dfab0cea08]
Event: 1311.445 Thread 0x000001dffef28120 14077       1       org.eclipse.jdt.ls.core.internal.LanguageServerApplication::getParentProcessId (5 bytes)
Event: 1311.446 Thread 0x000001dffef28120 nmethod 14077 0x000001dfb18d2110 code [0x000001dfb18d22a0, 0x000001dfb18d2368]

GC Heap History (20 events):
Event: 721.246 GC heap before
{Heap before GC invocations=277 (full 3):
 PSYoungGen      total 3584K, used 3296K [0x00000000d5580000, 0x00000000d5d80000, 0x0000000100000000)
  eden space 3072K, 100% used [0x00000000d5580000,0x00000000d5880000,0x00000000d5880000)
  from space 512K, 43% used [0x00000000d5880000,0x00000000d58b8000,0x00000000d5900000)
  to   space 2048K, 0% used [0x00000000d5b80000,0x00000000d5b80000,0x00000000d5d80000)
 ParOldGen       total 252928K, used 252485K [0x0000000080000000, 0x000000008f700000, 0x00000000d5580000)
  object space 252928K, 99% used [0x0000000080000000,0x000000008f6915d8,0x000000008f700000)
 Metaspace       used 75148K, committed 76736K, reserved 1179648K
  class space    used 7933K, committed 8640K, reserved 1048576K
}
Event: 721.248 GC heap after
{Heap after GC invocations=277 (full 3):
 PSYoungGen      total 3584K, used 256K [0x00000000d5580000, 0x00000000d5c00000, 0x0000000100000000)
  eden space 3072K, 0% used [0x00000000d5580000,0x00000000d5580000,0x00000000d5880000)
  from space 512K, 50% used [0x00000000d5b80000,0x00000000d5bc0000,0x00000000d5c00000)
  to   space 512K, 0% used [0x00000000d5880000,0x00000000d5880000,0x00000000d5900000)
 ParOldGen       total 252928K, used 252557K [0x0000000080000000, 0x000000008f700000, 0x00000000d5580000)
  object space 252928K, 99% used [0x0000000080000000,0x000000008f6a35d8,0x000000008f700000)
 Metaspace       used 75148K, committed 76736K, reserved 1179648K
  class space    used 7933K, committed 8640K, reserved 1048576K
}
Event: 721.849 GC heap before
{Heap before GC invocations=278 (full 3):
 PSYoungGen      total 3584K, used 3321K [0x00000000d5580000, 0x00000000d5c00000, 0x0000000100000000)
  eden space 3072K, 99% used [0x00000000d5580000,0x00000000d587e728,0x00000000d5880000)
  from space 512K, 50% used [0x00000000d5b80000,0x00000000d5bc0000,0x00000000d5c00000)
  to   space 512K, 0% used [0x00000000d5880000,0x00000000d5880000,0x00000000d5900000)
 ParOldGen       total 252928K, used 252557K [0x0000000080000000, 0x000000008f700000, 0x00000000d5580000)
  object space 252928K, 99% used [0x0000000080000000,0x000000008f6a35d8,0x000000008f700000)
 Metaspace       used 75193K, committed 76864K, reserved 1179648K
  class space    used 7937K, committed 8704K, reserved 1048576K
}
Event: 721.854 GC heap after
{Heap after GC invocations=278 (full 3):
 PSYoungGen      total 3584K, used 256K [0x00000000d5580000, 0x00000000d5c00000, 0x0000000100000000)
  eden space 3072K, 0% used [0x00000000d5580000,0x00000000d5580000,0x00000000d5880000)
  from space 512K, 50% used [0x00000000d5880000,0x00000000d58c0000,0x00000000d5900000)
  to   space 512K, 0% used [0x00000000d5b80000,0x00000000d5b80000,0x00000000d5c00000)
 ParOldGen       total 252928K, used 252581K [0x0000000080000000, 0x000000008f700000, 0x00000000d5580000)
  object space 252928K, 99% used [0x0000000080000000,0x000000008f6a95d8,0x000000008f700000)
 Metaspace       used 75193K, committed 76864K, reserved 1179648K
  class space    used 7937K, committed 8704K, reserved 1048576K
}
Event: 723.070 GC heap before
{Heap before GC invocations=279 (full 3):
 PSYoungGen      total 3584K, used 3328K [0x00000000d5580000, 0x00000000d5c00000, 0x0000000100000000)
  eden space 3072K, 100% used [0x00000000d5580000,0x00000000d5880000,0x00000000d5880000)
  from space 512K, 50% used [0x00000000d5880000,0x00000000d58c0000,0x00000000d5900000)
  to   space 512K, 0% used [0x00000000d5b80000,0x00000000d5b80000,0x00000000d5c00000)
 ParOldGen       total 252928K, used 252581K [0x0000000080000000, 0x000000008f700000, 0x00000000d5580000)
  object space 252928K, 99% used [0x0000000080000000,0x000000008f6a95d8,0x000000008f700000)
 Metaspace       used 75668K, committed 77312K, reserved 1179648K
  class space    used 7983K, committed 8704K, reserved 1048576K
}
Event: 723.074 GC heap after
{Heap after GC invocations=279 (full 3):
 PSYoungGen      total 3584K, used 305K [0x00000000d5580000, 0x00000000d5c00000, 0x0000000100000000)
  eden space 3072K, 0% used [0x00000000d5580000,0x00000000d5580000,0x00000000d5880000)
  from space 512K, 59% used [0x00000000d5b80000,0x00000000d5bcc5a8,0x00000000d5c00000)
  to   space 512K, 0% used [0x00000000d5880000,0x00000000d5880000,0x00000000d5900000)
 ParOldGen       total 252928K, used 252661K [0x0000000080000000, 0x000000008f700000, 0x00000000d5580000)
  object space 252928K, 99% used [0x0000000080000000,0x000000008f6bd5d8,0x000000008f700000)
 Metaspace       used 75668K, committed 77312K, reserved 1179648K
  class space    used 7983K, committed 8704K, reserved 1048576K
}
Event: 723.182 GC heap before
{Heap before GC invocations=280 (full 3):
 PSYoungGen      total 3584K, used 3368K [0x00000000d5580000, 0x00000000d5c00000, 0x0000000100000000)
  eden space 3072K, 99% used [0x00000000d5580000,0x00000000d587dbf8,0x00000000d5880000)
  from space 512K, 59% used [0x00000000d5b80000,0x00000000d5bcc5a8,0x00000000d5c00000)
  to   space 512K, 0% used [0x00000000d5880000,0x00000000d5880000,0x00000000d5900000)
 ParOldGen       total 252928K, used 252661K [0x0000000080000000, 0x000000008f700000, 0x00000000d5580000)
  object space 252928K, 99% used [0x0000000080000000,0x000000008f6bd5d8,0x000000008f700000)
 Metaspace       used 76031K, committed 77696K, reserved 1179648K
  class space    used 8025K, committed 8768K, reserved 1048576K
}
Event: 723.184 GC heap after
{Heap after GC invocations=280 (full 3):
 PSYoungGen      total 3584K, used 288K [0x00000000d5580000, 0x00000000d5c00000, 0x0000000100000000)
  eden space 3072K, 0% used [0x00000000d5580000,0x00000000d5580000,0x00000000d5880000)
  from space 512K, 56% used [0x00000000d5880000,0x00000000d58c8020,0x00000000d5900000)
  to   space 512K, 0% used [0x00000000d5b80000,0x00000000d5b80000,0x00000000d5c00000)
 ParOldGen       total 252928K, used 252830K [0x0000000080000000, 0x000000008f700000, 0x00000000d5580000)
  object space 252928K, 99% used [0x0000000080000000,0x000000008f6e7b80,0x000000008f700000)
 Metaspace       used 76031K, committed 77696K, reserved 1179648K
  class space    used 8025K, committed 8768K, reserved 1048576K
}
Event: 723.249 GC heap before
{Heap before GC invocations=281 (full 3):
 PSYoungGen      total 3584K, used 3360K [0x00000000d5580000, 0x00000000d5c00000, 0x0000000100000000)
  eden space 3072K, 100% used [0x00000000d5580000,0x00000000d5880000,0x00000000d5880000)
  from space 512K, 56% used [0x00000000d5880000,0x00000000d58c8020,0x00000000d5900000)
  to   space 512K, 0% used [0x00000000d5b80000,0x00000000d5b80000,0x00000000d5c00000)
 ParOldGen       total 252928K, used 252830K [0x0000000080000000, 0x000000008f700000, 0x00000000d5580000)
  object space 252928K, 99% used [0x0000000080000000,0x000000008f6e7b80,0x000000008f700000)
 Metaspace       used 76413K, committed 78080K, reserved 1179648K
  class space    used 8066K, committed 8768K, reserved 1048576K
}
Event: 723.251 GC heap after
{Heap after GC invocations=281 (full 3):
 PSYoungGen      total 3584K, used 288K [0x00000000d5580000, 0x00000000d5c00000, 0x0000000100000000)
  eden space 3072K, 0% used [0x00000000d5580000,0x00000000d5580000,0x00000000d5880000)
  from space 512K, 56% used [0x00000000d5b80000,0x00000000d5bc8000,0x00000000d5c00000)
  to   space 512K, 0% used [0x00000000d5880000,0x00000000d5880000,0x00000000d5900000)
 ParOldGen       total 253440K, used 252982K [0x0000000080000000, 0x000000008f780000, 0x00000000d5580000)
  object space 253440K, 99% used [0x0000000080000000,0x000000008f70dba0,0x000000008f780000)
 Metaspace       used 76413K, committed 78080K, reserved 1179648K
  class space    used 8066K, committed 8768K, reserved 1048576K
}
Event: 723.972 GC heap before
{Heap before GC invocations=282 (full 3):
 PSYoungGen      total 3584K, used 3360K [0x00000000d5580000, 0x00000000d5c00000, 0x0000000100000000)
  eden space 3072K, 100% used [0x00000000d5580000,0x00000000d5880000,0x00000000d5880000)
  from space 512K, 56% used [0x00000000d5b80000,0x00000000d5bc8000,0x00000000d5c00000)
  to   space 512K, 0% used [0x00000000d5880000,0x00000000d5880000,0x00000000d5900000)
 ParOldGen       total 253440K, used 252982K [0x0000000080000000, 0x000000008f780000, 0x00000000d5580000)
  object space 253440K, 99% used [0x0000000080000000,0x000000008f70dba0,0x000000008f780000)
 Metaspace       used 76822K, committed 78464K, reserved 1179648K
  class space    used 8121K, committed 8832K, reserved 1048576K
}
Event: 723.973 GC heap after
{Heap after GC invocations=282 (full 3):
 PSYoungGen      total 3584K, used 320K [0x00000000d5580000, 0x00000000d5c00000, 0x0000000100000000)
  eden space 3072K, 0% used [0x00000000d5580000,0x00000000d5580000,0x00000000d5880000)
  from space 512K, 62% used [0x00000000d5880000,0x00000000d58d0000,0x00000000d5900000)
  to   space 512K, 0% used [0x00000000d5b80000,0x00000000d5b80000,0x00000000d5c00000)
 ParOldGen       total 253440K, used 253038K [0x0000000080000000, 0x000000008f780000, 0x00000000d5580000)
  object space 253440K, 99% used [0x0000000080000000,0x000000008f71bba0,0x000000008f780000)
 Metaspace       used 76822K, committed 78464K, reserved 1179648K
  class space    used 8121K, committed 8832K, reserved 1048576K
}
Event: 724.057 GC heap before
{Heap before GC invocations=283 (full 3):
 PSYoungGen      total 3584K, used 3392K [0x00000000d5580000, 0x00000000d5c00000, 0x0000000100000000)
  eden space 3072K, 100% used [0x00000000d5580000,0x00000000d5880000,0x00000000d5880000)
  from space 512K, 62% used [0x00000000d5880000,0x00000000d58d0000,0x00000000d5900000)
  to   space 512K, 0% used [0x00000000d5b80000,0x00000000d5b80000,0x00000000d5c00000)
 ParOldGen       total 253440K, used 253038K [0x0000000080000000, 0x000000008f780000, 0x00000000d5580000)
  object space 253440K, 99% used [0x0000000080000000,0x000000008f71bba0,0x000000008f780000)
 Metaspace       used 77031K, committed 78720K, reserved 1179648K
  class space    used 8180K, committed 8896K, reserved 1048576K
}
Event: 724.058 GC heap after
{Heap after GC invocations=283 (full 3):
 PSYoungGen      total 3584K, used 288K [0x00000000d5580000, 0x00000000d5c00000, 0x0000000100000000)
  eden space 3072K, 0% used [0x00000000d5580000,0x00000000d5580000,0x00000000d5880000)
  from space 512K, 56% used [0x00000000d5b80000,0x00000000d5bc8000,0x00000000d5c00000)
  to   space 512K, 0% used [0x00000000d5880000,0x00000000d5880000,0x00000000d5900000)
 ParOldGen       total 253440K, used 253158K [0x0000000080000000, 0x000000008f780000, 0x00000000d5580000)
  object space 253440K, 99% used [0x0000000080000000,0x000000008f739bd0,0x000000008f780000)
 Metaspace       used 77031K, committed 78720K, reserved 1179648K
  class space    used 8180K, committed 8896K, reserved 1048576K
}
Event: 724.151 GC heap before
{Heap before GC invocations=284 (full 3):
 PSYoungGen      total 3584K, used 3360K [0x00000000d5580000, 0x00000000d5c00000, 0x0000000100000000)
  eden space 3072K, 100% used [0x00000000d5580000,0x00000000d5880000,0x00000000d5880000)
  from space 512K, 56% used [0x00000000d5b80000,0x00000000d5bc8000,0x00000000d5c00000)
  to   space 512K, 0% used [0x00000000d5880000,0x00000000d5880000,0x00000000d5900000)
 ParOldGen       total 253440K, used 253158K [0x0000000080000000, 0x000000008f780000, 0x00000000d5580000)
  object space 253440K, 99% used [0x0000000080000000,0x000000008f739bd0,0x000000008f780000)
 Metaspace       used 77351K, committed 79040K, reserved 1179648K
  class space    used 8242K, committed 8960K, reserved 1048576K
}
Event: 724.152 GC heap after
{Heap after GC invocations=284 (full 3):
 PSYoungGen      total 3584K, used 288K [0x00000000d5580000, 0x00000000d5c00000, 0x0000000100000000)
  eden space 3072K, 0% used [0x00000000d5580000,0x00000000d5580000,0x00000000d5880000)
  from space 512K, 56% used [0x00000000d5880000,0x00000000d58c8000,0x00000000d5900000)
  to   space 512K, 0% used [0x00000000d5b80000,0x00000000d5b80000,0x00000000d5c00000)
 ParOldGen       total 253440K, used 253230K [0x0000000080000000, 0x000000008f780000, 0x00000000d5580000)
  object space 253440K, 99% used [0x0000000080000000,0x000000008f74bbd0,0x000000008f780000)
 Metaspace       used 77351K, committed 79040K, reserved 1179648K
  class space    used 8242K, committed 8960K, reserved 1048576K
}
Event: 724.214 GC heap before
{Heap before GC invocations=285 (full 3):
 PSYoungGen      total 3584K, used 3360K [0x00000000d5580000, 0x00000000d5c00000, 0x0000000100000000)
  eden space 3072K, 100% used [0x00000000d5580000,0x00000000d5880000,0x00000000d5880000)
  from space 512K, 56% used [0x00000000d5880000,0x00000000d58c8000,0x00000000d5900000)
  to   space 512K, 0% used [0x00000000d5b80000,0x00000000d5b80000,0x00000000d5c00000)
 ParOldGen       total 253440K, used 253230K [0x0000000080000000, 0x000000008f780000, 0x00000000d5580000)
  object space 253440K, 99% used [0x0000000080000000,0x000000008f74bbd0,0x000000008f780000)
 Metaspace       used 77692K, committed 79360K, reserved 1179648K
  class space    used 8289K, committed 9024K, reserved 1048576K
}
Event: 724.215 GC heap after
{Heap after GC invocations=285 (full 3):
 PSYoungGen      total 3584K, used 320K [0x00000000d5580000, 0x00000000d5c00000, 0x0000000100000000)
  eden space 3072K, 0% used [0x00000000d5580000,0x00000000d5580000,0x00000000d5880000)
  from space 512K, 62% used [0x00000000d5b80000,0x00000000d5bd0000,0x00000000d5c00000)
  to   space 512K, 0% used [0x00000000d5880000,0x00000000d5880000,0x00000000d5900000)
 ParOldGen       total 253440K, used 253318K [0x0000000080000000, 0x000000008f780000, 0x00000000d5580000)
  object space 253440K, 99% used [0x0000000080000000,0x000000008f761bd0,0x000000008f780000)
 Metaspace       used 77692K, committed 79360K, reserved 1179648K
  class space    used 8289K, committed 9024K, reserved 1048576K
}
Event: 726.420 GC heap before
{Heap before GC invocations=286 (full 3):
 PSYoungGen      total 3584K, used 3392K [0x00000000d5580000, 0x00000000d5c00000, 0x0000000100000000)
  eden space 3072K, 100% used [0x00000000d5580000,0x00000000d5880000,0x00000000d5880000)
  from space 512K, 62% used [0x00000000d5b80000,0x00000000d5bd0000,0x00000000d5c00000)
  to   space 512K, 0% used [0x00000000d5880000,0x00000000d5880000,0x00000000d5900000)
 ParOldGen       total 253440K, used 253318K [0x0000000080000000, 0x000000008f780000, 0x00000000d5580000)
  object space 253440K, 99% used [0x0000000080000000,0x000000008f761bd0,0x000000008f780000)
 Metaspace       used 78100K, committed 79808K, reserved 1179648K
  class space    used 8340K, committed 9088K, reserved 1048576K
}
Event: 726.424 GC heap after
{Heap after GC invocations=286 (full 3):
 PSYoungGen      total 3584K, used 352K [0x00000000d5580000, 0x00000000d5c00000, 0x0000000100000000)
  eden space 3072K, 0% used [0x00000000d5580000,0x00000000d5580000,0x00000000d5880000)
  from space 512K, 68% used [0x00000000d5880000,0x00000000d58d8000,0x00000000d5900000)
  to   space 512K, 0% used [0x00000000d5b80000,0x00000000d5b80000,0x00000000d5c00000)
 ParOldGen       total 253440K, used 253398K [0x0000000080000000, 0x000000008f780000, 0x00000000d5580000)
  object space 253440K, 99% used [0x0000000080000000,0x000000008f775bd0,0x000000008f780000)
 Metaspace       used 78100K, committed 79808K, reserved 1179648K
  class space    used 8340K, committed 9088K, reserved 1048576K
}

Dll operation events (12 events):
Event: 0.013 Loaded shared library c:\Users\MyBook Hype AMD\.vscode\extensions\redhat.java-1.54.0-win32-x64\jre\21.0.10-win32-x86_64\bin\java.dll
Event: 0.078 Loaded shared library c:\Users\MyBook Hype AMD\.vscode\extensions\redhat.java-1.54.0-win32-x64\jre\21.0.10-win32-x86_64\bin\zip.dll
Event: 0.101 Loaded shared library C:\Users\MyBook Hype AMD\.vscode\extensions\redhat.java-1.54.0-win32-x64\jre\21.0.10-win32-x86_64\bin\instrument.dll
Event: 0.107 Loaded shared library C:\Users\MyBook Hype AMD\.vscode\extensions\redhat.java-1.54.0-win32-x64\jre\21.0.10-win32-x86_64\bin\net.dll
Event: 0.110 Loaded shared library C:\Users\MyBook Hype AMD\.vscode\extensions\redhat.java-1.54.0-win32-x64\jre\21.0.10-win32-x86_64\bin\nio.dll
Event: 0.112 Loaded shared library C:\Users\MyBook Hype AMD\.vscode\extensions\redhat.java-1.54.0-win32-x64\jre\21.0.10-win32-x86_64\bin\zip.dll
Event: 0.129 Loaded shared library C:\Users\MyBook Hype AMD\.vscode\extensions\redhat.java-1.54.0-win32-x64\jre\21.0.10-win32-x86_64\bin\jimage.dll
Event: 0.214 Loaded shared library c:\Users\MyBook Hype AMD\.vscode\extensions\redhat.java-1.54.0-win32-x64\jre\21.0.10-win32-x86_64\bin\verify.dll
Event: 8.899 Loaded shared library C:\Users\MyBook Hype AMD\AppData\Roaming\Code\User\globalStorage\redhat.java\1.54.0\config_win\org.eclipse.equinox.launcher\org.eclipse.equinox.launcher.win32.win32.x86_64_1.3.0.v20260203-2149\eclipse_11919.dll
Event: 25.456 Loaded shared library C:\Users\MyBook Hype AMD\AppData\Local\Temp\jna--873495991\jna7025517947405495042.dll
Event: 29.698 Loaded shared library C:\Users\MyBook Hype AMD\.vscode\extensions\redhat.java-1.54.0-win32-x64\jre\21.0.10-win32-x86_64\bin\sunmscapi.dll
Event: 30.642 Loaded shared library C:\Users\MyBook Hype AMD\.vscode\extensions\redhat.java-1.54.0-win32-x64\jre\21.0.10-win32-x86_64\bin\extnet.dll

Deoptimization events (20 events):
Event: 724.424 Thread 0x000001df850f0750 Uncommon trap: trap_request=0xffffffde fr.pc=0x000001dfb17791fc relative=0x000000000000157c
Event: 724.424 Thread 0x000001df850f0750 Uncommon trap: reason=class_check action=maybe_recompile pc=0x000001dfb17791fc method=com.google.gson.stream.JsonWriter.string(Ljava/lang/String;)V @ 119 c2
Event: 724.424 Thread 0x000001df850f0750 DEOPT PACKING pc=0x000001dfb17791fc sp=0x000000ba19bfe140
Event: 724.424 Thread 0x000001df850f0750 DEOPT UNPACKING pc=0x000001dfb08f3aa2 sp=0x000000ba19bfe128 mode 2
Event: 724.424 Thread 0x000001df850f0750 Uncommon trap: trap_request=0xffffffde fr.pc=0x000001dfb17d1fc8 relative=0x0000000000001088
Event: 724.424 Thread 0x000001df850f0750 Uncommon trap: reason=class_check action=maybe_recompile pc=0x000001dfb17d1fc8 method=com.google.gson.stream.JsonWriter.beforeValue()V @ 98 c2
Event: 724.424 Thread 0x000001df850f0750 DEOPT PACKING pc=0x000001dfb17d1fc8 sp=0x000000ba19bfe0d0
Event: 724.424 Thread 0x000001df850f0750 DEOPT UNPACKING pc=0x000001dfb08f3aa2 sp=0x000000ba19bfe0e8 mode 2
Event: 724.424 Thread 0x000001df850f0750 Uncommon trap: trap_request=0xffffffde fr.pc=0x000001dfb17d1fc8 relative=0x0000000000001088
Event: 724.424 Thread 0x000001df850f0750 Uncommon trap: reason=class_check action=maybe_recompile pc=0x000001dfb17d1fc8 method=com.google.gson.stream.JsonWriter.beforeValue()V @ 98 c2
Event: 724.424 Thread 0x000001df850f0750 DEOPT PACKING pc=0x000001dfb17d1fc8 sp=0x000000ba19bfe0d0
Event: 724.424 Thread 0x000001df850f0750 DEOPT UNPACKING pc=0x000001dfb08f3aa2 sp=0x000000ba19bfe0e8 mode 2
Event: 724.963 Thread 0x000001df850f00c0 DEOPT PACKING pc=0x000001dfaa901a9c sp=0x000000ba197fefa0
Event: 724.963 Thread 0x000001df850f00c0 DEOPT UNPACKING pc=0x000001dfb08f4242 sp=0x000000ba197fe460 mode 0
Event: 730.991 Thread 0x000001df868944a0 DEOPT PACKING pc=0x000001dfaa901a9c sp=0x000000ba1abff020
Event: 730.991 Thread 0x000001df868944a0 DEOPT UNPACKING pc=0x000001dfb08f4242 sp=0x000000ba1abfe4e0 mode 0
Event: 753.905 Thread 0x000001df8457cc00 DEOPT PACKING pc=0x000001dfaa901a9c sp=0x000000ba18dff410
Event: 753.905 Thread 0x000001df8457cc00 DEOPT UNPACKING pc=0x000001dfb08f4242 sp=0x000000ba18dfe8d0 mode 0
Event: 783.988 Thread 0x000001df850eed10 DEOPT PACKING pc=0x000001dfaa901a9c sp=0x000000ba19afefb0
Event: 783.990 Thread 0x000001df850eed10 DEOPT UNPACKING pc=0x000001dfb08f4242 sp=0x000000ba19afe470 mode 0

Classes loaded (20 events):
Event: 724.418 Loading class java/util/TaskQueue
Event: 724.419 Loading class java/util/TaskQueue done
Event: 724.419 Loading class java/util/TimerThread
Event: 724.420 Loading class java/util/TimerThread done
Event: 724.420 Loading class java/util/Timer$ThreadReaper
Event: 724.421 Loading class java/util/Timer$ThreadReaper done
Event: 724.427 Loading class java/util/concurrent/CompletableFuture$UniWhenComplete
Event: 724.427 Loading class java/util/concurrent/CompletableFuture$UniWhenComplete done
Event: 724.428 Loading class java/util/concurrent/CompletableFuture$UniCompose
Event: 724.429 Loading class java/util/concurrent/CompletableFuture$UniCompose done
Event: 724.429 Loading class java/util/concurrent/CompletableFuture$UniRelay
Event: 724.429 Loading class java/util/concurrent/CompletableFuture$UniRelay done
Event: 724.964 Loading class java/util/concurrent/ScheduledThreadPoolExecutor$DelayedWorkQueue$Itr
Event: 724.964 Loading class java/util/concurrent/ScheduledThreadPoolExecutor$DelayedWorkQueue$Itr done
Event: 727.385 Loading class java/lang/ProcessHandleImpl$ExitCompletion
Event: 727.386 Loading class java/lang/ProcessHandleImpl$ExitCompletion done
Event: 727.386 Loading class java/lang/ProcessHandleImpl$1
Event: 727.387 Loading class java/lang/ProcessHandleImpl$1 done
Event: 727.389 Loading class java/util/concurrent/CompletableFuture$UniHandle
Event: 727.389 Loading class java/util/concurrent/CompletableFuture$UniHandle done

Classes unloaded (7 events):
Event: 26.944 Thread 0x000001dfa6102cd0 Unloading class 0x000001dfbe1a9400 'java/lang/invoke/LambdaForm$MH+0x000001dfbe1a9400'
Event: 26.944 Thread 0x000001dfa6102cd0 Unloading class 0x000001dfbe1a9000 'java/lang/invoke/LambdaForm$MH+0x000001dfbe1a9000'
Event: 26.944 Thread 0x000001dfa6102cd0 Unloading class 0x000001dfbe1a8c00 'java/lang/invoke/LambdaForm$MH+0x000001dfbe1a8c00'
Event: 26.944 Thread 0x000001dfa6102cd0 Unloading class 0x000001dfbe1a8800 'java/lang/invoke/LambdaForm$MH+0x000001dfbe1a8800'
Event: 26.944 Thread 0x000001dfa6102cd0 Unloading class 0x000001dfbe1a8400 'java/lang/invoke/LambdaForm$BMH+0x000001dfbe1a8400'
Event: 26.944 Thread 0x000001dfa6102cd0 Unloading class 0x000001dfbe1a8000 'java/lang/invoke/LambdaForm$DMH+0x000001dfbe1a8000'
Event: 26.944 Thread 0x000001dfa6102cd0 Unloading class 0x000001dfbe1a6c00 'java/lang/invoke/LambdaForm$DMH+0x000001dfbe1a6c00'

Classes redefined (0 events):
No events

Internal exceptions (20 events):
Event: 80.937 Thread 0x000001df87fa0920 Exception <a 'sun/nio/fs/WindowsException'{0x00000000d5758e28}> (0x00000000d5758e28) 
thrown [s\src\hotspot\share\prims\jni.cpp, line 520]
Event: 80.987 Thread 0x000001df87fa0920 Exception <a 'sun/nio/fs/WindowsException'{0x00000000d5e65750}> (0x00000000d5e65750) 
thrown [s\src\hotspot\share\prims\jni.cpp, line 520]
Event: 80.987 Thread 0x000001df87fa0920 Exception <a 'sun/nio/fs/WindowsException'{0x00000000d5e662d0}> (0x00000000d5e662d0) 
thrown [s\src\hotspot\share\prims\jni.cpp, line 520]
Event: 720.240 Thread 0x000001df86893e10 Exception <a 'java/lang/NoSuchMethodError'{0x00000000d57f9e08}: 'java.lang.Object java.lang.invoke.DirectMethodHandle$Holder.newInvokeSpecial(java.lang.Object, java.lang.Object, int)'> (0x00000000d57f9e08) 
thrown [s\src\hotspot\share\interpreter\linkResolver.cpp, line 773]
Event: 720.850 Thread 0x000001df86893e10 Exception <a 'sun/nio/fs/WindowsException'{0x00000000d592a118}> (0x00000000d592a118) 
thrown [s\src\hotspot\share\prims\jni.cpp, line 520]
Event: 720.851 Thread 0x000001df86893e10 Exception <a 'sun/nio/fs/WindowsException'{0x00000000d592ac98}> (0x00000000d592ac98) 
thrown [s\src\hotspot\share\prims\jni.cpp, line 520]
Event: 720.854 Thread 0x000001df86893e10 Exception <a 'sun/nio/fs/WindowsException'{0x00000000d592c210}> (0x00000000d592c210) 
thrown [s\src\hotspot\share\prims\jni.cpp, line 520]
Event: 720.855 Thread 0x000001df86893e10 Exception <a 'sun/nio/fs/WindowsException'{0x00000000d592cd90}> (0x00000000d592cd90) 
thrown [s\src\hotspot\share\prims\jni.cpp, line 520]
Event: 720.861 Thread 0x000001df86893e10 Exception <a 'sun/nio/fs/WindowsException'{0x00000000d592ed18}> (0x00000000d592ed18) 
thrown [s\src\hotspot\share\prims\jni.cpp, line 520]
Event: 720.861 Thread 0x000001df86893e10 Exception <a 'sun/nio/fs/WindowsException'{0x00000000d592f5e8}> (0x00000000d592f5e8) 
thrown [s\src\hotspot\share\prims\jni.cpp, line 520]
Event: 721.063 Thread 0x000001df86893e10 Exception <a 'sun/nio/fs/WindowsException'{0x00000000d5953d50}> (0x00000000d5953d50) 
thrown [s\src\hotspot\share\prims\jni.cpp, line 520]
Event: 721.063 Thread 0x000001df86893e10 Exception <a 'sun/nio/fs/WindowsException'{0x00000000d59548d0}> (0x00000000d59548d0) 
thrown [s\src\hotspot\share\prims\jni.cpp, line 520]
Event: 723.086 Thread 0x000001df850f2190 Exception <a 'java/io/FileNotFoundException'{0x00000000d558b908}> (0x00000000d558b908) 
thrown [s\src\hotspot\share\prims\jni.cpp, line 520]
Event: 724.146 Thread 0x000001df850f2190 Exception <a 'java/lang/NoSuchMethodError'{0x00000000d58488c0}: 'java.lang.Object java.lang.invoke.DirectMethodHandle$Holder.invokeVirtual(java.lang.Object, java.lang.Object, java.lang.Object, java.lang.Object)'> (0x00000000d58488c0) 
thrown [s\src\hotspot\share\interpreter\linkResolver.cpp, line 773]
Event: 724.254 Thread 0x000001df850f0750 Exception <a 'java/lang/NoSuchMethodError'{0x00000000d5665b80}: 'java.lang.Object java.lang.invoke.DirectMethodHandle$Holder.invokeStatic(java.lang.Object, long, java.lang.Object, java.lang.Object)'> (0x00000000d5665b80) 
thrown [s\src\hotspot\share\interpreter\linkResolver.cpp, line 773]
Event: 724.356 Thread 0x000001df850f0750 Exception <a 'sun/nio/fs/WindowsException'{0x00000000d57236b8}> (0x00000000d57236b8) 
thrown [s\src\hotspot\share\prims\jni.cpp, line 520]
Event: 724.357 Thread 0x000001df850f0750 Exception <a 'sun/nio/fs/WindowsException'{0x00000000d5724910}> (0x00000000d5724910) 
thrown [s\src\hotspot\share\prims\jni.cpp, line 520]
Event: 726.371 Thread 0x000001df850f4f80 Exception <a 'java/lang/NoSuchMethodError'{0x00000000d5824e80}: 'long java.lang.invoke.DelegatingMethodHandle$Holder.reinvoke_L(java.lang.Object, java.lang.Object)'> (0x00000000d5824e80) 
thrown [s\src\hotspot\share\interpreter\linkResolver.cpp, line 773]
Event: 726.374 Thread 0x000001df850f4f80 Exception <a 'java/lang/NoSuchMethodError'{0x00000000d582f0d0}: 'void java.lang.invoke.DelegatingMethodHandle$Holder.reinvoke_L(java.lang.Object, java.lang.Object, long)'> (0x00000000d582f0d0) 
thrown [s\src\hotspot\share\interpreter\linkResolver.cpp, line 773]
Event: 727.391 Thread 0x000001df850f4f80 Exception <a 'java/lang/NoSuchMethodError'{0x00000000d562f730}: 'long java.lang.invoke.Invokers$Holder.invokeExact_MT(java.lang.Object, java.lang.Object, java.lang.Object)'> (0x00000000d562f730) 
thrown [s\src\hotspot\share\interpreter\linkResolver.cpp, line 773]

ZGC Phase Switch (0 events):
No events

VM Operations (20 events):
Event: 962.036 Executing non-safepoint VM operation: RendezvousGCThreads
Event: 962.036 Executing non-safepoint VM operation: RendezvousGCThreads done
Event: 1006.364 Executing safepoint VM operation: Cleanup
Event: 1006.375 Executing safepoint VM operation: Cleanup done
Event: 1262.404 Executing non-safepoint VM operation: HandshakeAllThreads (HandshakeForDeflation)
Event: 1262.406 Executing non-safepoint VM operation: HandshakeAllThreads (HandshakeForDeflation) done
Event: 1262.406 Executing non-safepoint VM operation: RendezvousGCThreads
Event: 1262.406 Executing non-safepoint VM operation: RendezvousGCThreads done
Event: 1322.527 Executing non-safepoint VM operation: HandshakeAllThreads (HandshakeForDeflation)
Event: 1322.528 Executing non-safepoint VM operation: HandshakeAllThreads (HandshakeForDeflation) done
Event: 1322.528 Executing non-safepoint VM operation: RendezvousGCThreads
Event: 1322.528 Executing non-safepoint VM operation: RendezvousGCThreads done
Event: 1382.594 Executing non-safepoint VM operation: HandshakeAllThreads (HandshakeForDeflation)
Event: 1382.598 Executing non-safepoint VM operation: HandshakeAllThreads (HandshakeForDeflation) done
Event: 1382.598 Executing non-safepoint VM operation: RendezvousGCThreads
Event: 1382.598 Executing non-safepoint VM operation: RendezvousGCThreads done
Event: 1442.850 Executing non-safepoint VM operation: HandshakeAllThreads (HandshakeForDeflation)
Event: 1442.859 Executing non-safepoint VM operation: HandshakeAllThreads (HandshakeForDeflation) done
Event: 1442.859 Executing non-safepoint VM operation: RendezvousGCThreads
Event: 1442.859 Executing non-safepoint VM operation: RendezvousGCThreads done

Memory protections (0 events):
No events

Nmethod flushes (20 events):
Event: 41.347 Thread 0x000001dfa6102cd0 flushing  nmethod 0x000001dfa9cc1e90
Event: 41.347 Thread 0x000001dfa6102cd0 flushing  nmethod 0x000001dfa9cc3310
Event: 41.347 Thread 0x000001dfa6102cd0 flushing  nmethod 0x000001dfa9cc3910
Event: 41.347 Thread 0x000001dfa6102cd0 flushing  nmethod 0x000001dfa9cc3d10
Event: 41.347 Thread 0x000001dfa6102cd0 flushing  nmethod 0x000001dfa9cc5290
Event: 41.347 Thread 0x000001dfa6102cd0 flushing  nmethod 0x000001dfa9cc5610
Event: 41.347 Thread 0x000001dfa6102cd0 flushing  nmethod 0x000001dfa9cc6810
Event: 41.347 Thread 0x000001dfa6102cd0 flushing  nmethod 0x000001dfa9cc6d90
Event: 41.347 Thread 0x000001dfa6102cd0 flushing  nmethod 0x000001dfa9cc7310
Event: 41.347 Thread 0x000001dfa6102cd0 flushing  nmethod 0x000001dfa9cc7810
Event: 41.347 Thread 0x000001dfa6102cd0 flushing  nmethod 0x000001dfa9cc8710
Event: 41.347 Thread 0x000001dfa6102cd0 flushing  nmethod 0x000001dfa9cc8e10
Event: 41.347 Thread 0x000001dfa6102cd0 flushing  nmethod 0x000001dfa9cc9d90
Event: 41.347 Thread 0x000001dfa6102cd0 flushing  nmethod 0x000001dfa9ccda90
Event: 41.347 Thread 0x000001dfa6102cd0 flushing  nmethod 0x000001dfa9cd3e10
Event: 41.347 Thread 0x000001dfa6102cd0 flushing  nmethod 0x000001dfa9cf9190
Event: 41.347 Thread 0x000001dfa6102cd0 flushing  nmethod 0x000001dfa9d18e90
Event: 41.347 Thread 0x000001dfa6102cd0 flushing  nmethod 0x000001dfa9d19690
Event: 41.347 Thread 0x000001dfa6102cd0 flushing  nmethod 0x000001dfa9d19c90
Event: 41.347 Thread 0x000001dfa6102cd0 flushing  nmethod 0x000001dfa9d53f10

Events (20 events):
Event: 564.347 Thread 0x000001df87fa0fb0 Thread exited: 0x000001df87fa0fb0
Event: 624.357 Thread 0x000001df86895850 Thread exited: 0x000001df86895850
Event: 684.385 Thread 0x000001df87fa0290 Thread exited: 0x000001df87fa0290
Event: 715.904 Thread 0x000001df86893e10 Thread added: 0x000001df850ee680
Event: 716.728 Thread 0x000001dffef28120 Thread added: 0x000001df883361c0
Event: 717.199 Thread 0x000001dffef28120 Thread added: 0x000001df88336890
Event: 718.787 Thread 0x000001df88336890 Thread exited: 0x000001df88336890
Event: 718.790 Thread 0x000001df883361c0 Thread exited: 0x000001df883361c0
Event: 722.838 Thread 0x000001df86893e10 Thread added: 0x000001df850efa30
Event: 722.864 Thread 0x000001df850efa30 Thread added: 0x000001df850f2190
Event: 723.962 Thread 0x000001df850f2190 Thread added: 0x000001df850f00c0
Event: 723.974 Thread 0x000001df850f2190 Thread added: 0x000001df850eed10
Event: 724.242 Thread 0x000001df850f2190 Thread added: 0x000001df850f0750
Event: 724.421 Thread 0x000001df850f0750 Thread added: 0x000001df850f48f0
Event: 726.358 Thread 0x000001df850f2190 Thread added: 0x000001df850f4f80
Event: 726.358 Thread 0x000001df850f48f0 Thread exited: 0x000001df850f48f0
Event: 727.388 Thread 0x000001df850f4f80 Thread added: 0x000001df850f5ca0
Event: 727.399 Thread 0x000001df850f4f80 Thread exited: 0x000001df850f4f80
Event: 807.917 Thread 0x000001df86893e10 Thread exited: 0x000001df86893e10
Event: 868.271 Thread 0x000001df850ee680 Thread exited: 0x000001df850ee680


Dynamic libraries:
0x00007ff635250000 - 0x00007ff63525e000 	c:\Users\MyBook Hype AMD\.vscode\extensions\redhat.java-1.54.0-win32-x64\jre\21.0.10-win32-x86_64\bin\java.exe
0x00007ffa051c0000 - 0x00007ffa05428000 	C:\WINDOWS\SYSTEM32\ntdll.dll
0x00007ffa03fe0000 - 0x00007ffa040a9000 	C:\WINDOWS\System32\KERNEL32.DLL
0x00007ffa020b0000 - 0x00007ffa024a1000 	C:\WINDOWS\System32\KERNELBASE.dll
0x00007ffa02e10000 - 0x00007ffa02f5b000 	C:\WINDOWS\System32\ucrtbase.dll
0x00007ff9dece0000 - 0x00007ff9decfe000 	c:\Users\MyBook Hype AMD\.vscode\extensions\redhat.java-1.54.0-win32-x64\jre\21.0.10-win32-x86_64\bin\VCRUNTIME140.dll
0x00007ff9deb10000 - 0x00007ff9deb28000 	c:\Users\MyBook Hype AMD\.vscode\extensions\redhat.java-1.54.0-win32-x64\jre\21.0.10-win32-x86_64\bin\jli.dll
0x00007ffa03e10000 - 0x00007ffa03fd6000 	C:\WINDOWS\System32\USER32.dll
0x00007ffa024b0000 - 0x00007ffa024d7000 	C:\WINDOWS\System32\win32u.dll
0x00007ff9f1600000 - 0x00007ff9f1893000 	C:\WINDOWS\WinSxS\amd64_microsoft.windows.common-controls_6595b64144ccf1df_6.0.26100.7824_none_3e0870b2e3345462\COMCTL32.dll
0x00007ffa03cc0000 - 0x00007ffa03ceb000 	C:\WINDOWS\System32\GDI32.dll
0x00007ffa04b30000 - 0x00007ffa04bd9000 	C:\WINDOWS\System32\msvcrt.dll
0x00007ffa01aa0000 - 0x00007ffa01bcb000 	C:\WINDOWS\System32\gdi32full.dll
0x00007ffa01d50000 - 0x00007ffa01df3000 	C:\WINDOWS\System32\msvcp_win.dll
0x00007ffa04880000 - 0x00007ffa048b1000 	C:\WINDOWS\System32\IMM32.DLL
0x00007ff9e9150000 - 0x00007ff9e915c000 	c:\Users\MyBook Hype AMD\.vscode\extensions\redhat.java-1.54.0-win32-x64\jre\21.0.10-win32-x86_64\bin\vcruntime140_1.dll
0x00007ff9dd1e0000 - 0x00007ff9dd26d000 	c:\Users\MyBook Hype AMD\.vscode\extensions\redhat.java-1.54.0-win32-x64\jre\21.0.10-win32-x86_64\bin\msvcp140.dll
0x00007ff97c900000 - 0x00007ff97d6a1000 	c:\Users\MyBook Hype AMD\.vscode\extensions\redhat.java-1.54.0-win32-x64\jre\21.0.10-win32-x86_64\bin\server\jvm.dll
0x00007ffa047b0000 - 0x00007ffa04864000 	C:\WINDOWS\System32\ADVAPI32.dll
0x00007ffa03160000 - 0x00007ffa03206000 	C:\WINDOWS\System32\sechost.dll
0x00007ffa03cf0000 - 0x00007ffa03e08000 	C:\WINDOWS\System32\RPCRT4.dll
0x00007ffa046b0000 - 0x00007ffa04724000 	C:\WINDOWS\System32\WS2_32.dll
0x00007ffa01900000 - 0x00007ffa0195e000 	C:\WINDOWS\SYSTEM32\POWRPROF.dll
0x00007ff9fa7d0000 - 0x00007ff9fa7db000 	C:\WINDOWS\SYSTEM32\VERSION.dll
0x00007ff9fa790000 - 0x00007ff9fa7c5000 	C:\WINDOWS\SYSTEM32\WINMM.dll
0x00007ffa018e0000 - 0x00007ffa018f4000 	C:\WINDOWS\SYSTEM32\UMPDC.dll
0x00007ffa00800000 - 0x00007ffa0081b000 	C:\WINDOWS\SYSTEM32\kernel.appcore.dll
0x00007ff9e38f0000 - 0x00007ff9e38fa000 	c:\Users\MyBook Hype AMD\.vscode\extensions\redhat.java-1.54.0-win32-x64\jre\21.0.10-win32-x86_64\bin\jimage.dll
0x00007ff9f7a30000 - 0x00007ff9f7c72000 	C:\WINDOWS\SYSTEM32\DBGHELP.DLL
0x00007ffa04150000 - 0x00007ffa044d6000 	C:\WINDOWS\System32\combase.dll
0x00007ffa033f0000 - 0x00007ffa034c7000 	C:\WINDOWS\System32\OLEAUT32.dll
0x00007ff9f1aa0000 - 0x00007ff9f1adb000 	C:\WINDOWS\SYSTEM32\dbgcore.DLL
0x00007ffa02000000 - 0x00007ffa020a5000 	C:\WINDOWS\System32\bcryptPrimitives.dll
0x00007ff9e2490000 - 0x00007ff9e249f000 	c:\Users\MyBook Hype AMD\.vscode\extensions\redhat.java-1.54.0-win32-x64\jre\21.0.10-win32-x86_64\bin\instrument.dll
0x00007ff9ddc80000 - 0x00007ff9ddca0000 	c:\Users\MyBook Hype AMD\.vscode\extensions\redhat.java-1.54.0-win32-x64\jre\21.0.10-win32-x86_64\bin\java.dll
0x00007ffa03560000 - 0x00007ffa03cb2000 	C:\WINDOWS\System32\SHELL32.dll
0x00007ffa01e00000 - 0x00007ffa01f6a000 	C:\WINDOWS\System32\wintypes.dll
0x00007ffa025a0000 - 0x00007ffa02e03000 	C:\WINDOWS\System32\windows.storage.dll
0x00007ffa04be0000 - 0x00007ffa04cd6000 	C:\WINDOWS\System32\SHCORE.dll
0x00007ffa040b0000 - 0x00007ffa04117000 	C:\WINDOWS\System32\shlwapi.dll
0x00007ffa019c0000 - 0x00007ffa019e9000 	C:\WINDOWS\SYSTEM32\profapi.dll
0x00007ff9dd850000 - 0x00007ff9dd868000 	c:\Users\MyBook Hype AMD\.vscode\extensions\redhat.java-1.54.0-win32-x64\jre\21.0.10-win32-x86_64\bin\zip.dll
0x00007ff9e2370000 - 0x00007ff9e2380000 	C:\Users\MyBook Hype AMD\.vscode\extensions\redhat.java-1.54.0-win32-x64\jre\21.0.10-win32-x86_64\bin\net.dll
0x00007ff9fb600000 - 0x00007ff9fb727000 	C:\WINDOWS\SYSTEM32\WINHTTP.dll
0x00007ffa00d50000 - 0x00007ffa00dbb000 	C:\WINDOWS\system32\mswsock.dll
0x00007ff9dd830000 - 0x00007ff9dd846000 	C:\Users\MyBook Hype AMD\.vscode\extensions\redhat.java-1.54.0-win32-x64\jre\21.0.10-win32-x86_64\bin\nio.dll
0x00007ff9df300000 - 0x00007ff9df310000 	c:\Users\MyBook Hype AMD\.vscode\extensions\redhat.java-1.54.0-win32-x64\jre\21.0.10-win32-x86_64\bin\verify.dll
0x00007ff9d8980000 - 0x00007ff9d89c5000 	C:\Users\MyBook Hype AMD\AppData\Roaming\Code\User\globalStorage\redhat.java\1.54.0\config_win\org.eclipse.equinox.launcher\org.eclipse.equinox.launcher.win32.win32.x86_64_1.3.0.v20260203-2149\eclipse_11919.dll
0x00007ffa04910000 - 0x00007ffa04aa7000 	C:\WINDOWS\System32\ole32.dll
0x00007ffa01140000 - 0x00007ffa0115b000 	C:\WINDOWS\SYSTEM32\CRYPTSP.dll
0x00007ffa00760000 - 0x00007ffa00799000 	C:\WINDOWS\system32\rsaenh.dll
0x00007ffa00e00000 - 0x00007ffa00e2b000 	C:\WINDOWS\SYSTEM32\USERENV.dll
0x00007ffa01990000 - 0x00007ffa019ba000 	C:\WINDOWS\SYSTEM32\bcrypt.dll
0x00007ffa00fa0000 - 0x00007ffa00fac000 	C:\WINDOWS\SYSTEM32\CRYPTBASE.dll
0x00007ffa00200000 - 0x00007ffa00234000 	C:\WINDOWS\SYSTEM32\IPHLPAPI.DLL
0x00007ffa02f60000 - 0x00007ffa02f6a000 	C:\WINDOWS\System32\NSI.dll
0x00007ff9ddda0000 - 0x00007ff9ddde9000 	C:\Users\MyBook Hype AMD\AppData\Local\Temp\jna--873495991\jna7025517947405495042.dll
0x00007ffa04870000 - 0x00007ffa04878000 	C:\WINDOWS\System32\PSAPI.DLL
0x00007ff9fb2e0000 - 0x00007ff9fb2fe000 	C:\WINDOWS\SYSTEM32\dhcpcsvc6.DLL
0x00007ff9fb180000 - 0x00007ff9fb1a3000 	C:\WINDOWS\SYSTEM32\dhcpcsvc.DLL
0x00007ff9e9710000 - 0x00007ff9e971e000 	C:\Users\MyBook Hype AMD\.vscode\extensions\redhat.java-1.54.0-win32-x64\jre\21.0.10-win32-x86_64\bin\sunmscapi.dll
0x00007ffa01bd0000 - 0x00007ffa01d47000 	C:\WINDOWS\System32\CRYPT32.dll
0x00007ffa012a0000 - 0x00007ffa012d0000 	C:\WINDOWS\SYSTEM32\ncrypt.dll
0x00007ffa01250000 - 0x00007ffa0128f000 	C:\WINDOWS\SYSTEM32\NTASN1.dll
0x00007ffa00240000 - 0x00007ffa0036c000 	C:\WINDOWS\SYSTEM32\DNSAPI.dll
0x00007ff9f7650000 - 0x00007ff9f765b000 	C:\Windows\System32\rasadhlp.dll
0x00007ff9f86c0000 - 0x00007ff9f8746000 	C:\WINDOWS\System32\fwpuclnt.dll
0x00007ff9e22e0000 - 0x00007ff9e22e9000 	C:\Users\MyBook Hype AMD\.vscode\extensions\redhat.java-1.54.0-win32-x64\jre\21.0.10-win32-x86_64\bin\extnet.dll

JVMTI agents:
c:\Users\MyBook Hype AMD\.vscode\extensions\redhat.java-1.54.0-win32-x64\lombok\lombok-1.18.39-4050.jar path:c:\Users\MyBook Hype AMD\.vscode\extensions\redhat.java-1.54.0-win32-x64\jre\21.0.10-win32-x86_64\bin\instrument.dll, loaded, initialized, instrumentlib options:none

dbghelp: loaded successfully - version: 4.0.5 - missing functions: none
symbol engine: initialized successfully - sym options: 0x614 - pdb path: .;c:\Users\MyBook Hype AMD\.vscode\extensions\redhat.java-1.54.0-win32-x64\jre\21.0.10-win32-x86_64\bin;C:\WINDOWS\SYSTEM32;C:\WINDOWS\WinSxS\amd64_microsoft.windows.common-controls_6595b64144ccf1df_6.0.26100.7824_none_3e0870b2e3345462;c:\Users\MyBook Hype AMD\.vscode\extensions\redhat.java-1.54.0-win32-x64\jre\21.0.10-win32-x86_64\bin\server;C:\Users\MyBook Hype AMD\AppData\Roaming\Code\User\globalStorage\redhat.java\1.54.0\config_win\org.eclipse.equinox.launcher\org.eclipse.equinox.launcher.win32.win32.x86_64_1.3.0.v20260203-2149;C:\Users\MyBook Hype AMD\AppData\Local\Temp\jna--873495991

VM Arguments:
jvm_args: --add-modules=ALL-SYSTEM --add-opens=java.base/java.util=ALL-UNNAMED --add-opens=java.base/java.lang=ALL-UNNAMED --add-opens=java.base/sun.nio.fs=ALL-UNNAMED -Declipse.application=org.eclipse.jdt.ls.core.id1 -Dosgi.bundles.defaultStartLevel=4 -Declipse.product=org.eclipse.jdt.ls.core.product -Djava.import.generatesMetadataFilesAtProjectRoot=false -DDetectVMInstallationsJob.disabled=true -Dfile.encoding=utf8 -XX:+UseParallelGC -XX:GCTimeRatio=4 -XX:AdaptiveSizePolicyWeight=90 -Dsun.zip.disableMemoryMapping=true -Xmx2G -Xms100m -Xlog:disable -javaagent:c:\Users\MyBook Hype AMD\.vscode\extensions\redhat.java-1.54.0-win32-x64\lombok\lombok-1.18.39-4050.jar -XX:+HeapDumpOnOutOfMemoryError -XX:HeapDumpPath=c:\Users\MyBook Hype AMD\AppData\Roaming\Code\User\workspaceStorage\f464893c0af39f6f22b0d6d4e0a43b61\redhat.java -Daether.dependencyCollector.impl=bf 
java_command: c:\Users\MyBook Hype AMD\.vscode\extensions\redhat.java-1.54.0-win32-x64\server\plugins\org.eclipse.equinox.launcher_1.7.100.v20251111-0406.jar -configuration c:\Users\MyBook Hype AMD\AppData\Roaming\Code\User\globalStorage\redhat.java\1.54.0\config_win -data c:\Users\MyBook Hype AMD\AppData\Roaming\Code\User\workspaceStorage\f464893c0af39f6f22b0d6d4e0a43b61\redhat.java\jdt_ws --pipe=\\.\pipe\lsp-cdae92b21a9484094611376f71189137-sock
java_class_path (initial): c:\Users\MyBook Hype AMD\.vscode\extensions\redhat.java-1.54.0-win32-x64\server\plugins\org.eclipse.equinox.launcher_1.7.100.v20251111-0406.jar
Launcher Type: SUN_STANDARD

[Global flags]
    uintx AdaptiveSizePolicyWeight                 = 90                                        {product} {command line}
     intx CICompilerCount                          = 4                                         {product} {ergonomic}
    uintx GCTimeRatio                              = 4                                         {product} {command line}
     bool HeapDumpOnOutOfMemoryError               = true                                   {manageable} {command line}
    ccstr HeapDumpPath                             = c:\Users\MyBook Hype AMD\AppData\Roaming\Code\User\workspaceStorage\f464893c0af39f6f22b0d6d4e0a43b61\redhat.java         {manageable} {command line}
   size_t InitialHeapSize                          = 104857600                                 {product} {command line}
   size_t MaxHeapSize                              = 2147483648                                {product} {command line}
   size_t MaxNewSize                               = 715653120                                 {product} {ergonomic}
   size_t MinHeapDeltaBytes                        = 524288                                    {product} {ergonomic}
   size_t MinHeapSize                              = 104857600                                 {product} {command line}
   size_t NewSize                                  = 34603008                                  {product} {ergonomic}
    uintx NonNMethodCodeHeapSize                   = 5839372                                {pd product} {ergonomic}
    uintx NonProfiledCodeHeapSize                  = 122909434                              {pd product} {ergonomic}
   size_t OldSize                                  = 70254592                                  {product} {ergonomic}
    uintx ProfiledCodeHeapSize                     = 122909434                              {pd product} {ergonomic}
    uintx ReservedCodeCacheSize                    = 251658240                              {pd product} {ergonomic}
     bool SegmentedCodeCache                       = true                                      {product} {ergonomic}
   size_t SoftMaxHeapSize                          = 2147483648                             {manageable} {ergonomic}
     bool UseCompressedOops                        = true                           {product lp64_product} {ergonomic}
     bool UseLargePagesIndividualAllocation        = false                                  {pd product} {ergonomic}
     bool UseParallelGC                            = true                                      {product} {command line}

Logging:
Log output configuration:
 #0: stdout all=off uptime,level,tags foldmultilines=false
 #1: stderr all=off uptime,level,tags foldmultilines=false

Release file:
JAVA_VERSION="21.0.10" 
MODULES="java.base java.compiler java.datatransfer java.xml java.prefs java.desktop java.instrument java.logging java.management java.security.sasl java.naming java.rmi java.management.rmi java.net.http java.scripting java.security.jgss java.transaction.xa java.sql java.sql.rowset java.xml.crypto java.se java.smartcardio jdk.accessibility jdk.internal.jvmstat jdk.attach jdk.charsets jdk.internal.opt jdk.zipfs jdk.compiler jdk.crypto.ec jdk.crypto.cryptoki jdk.crypto.mscapi jdk.dynalink jdk.internal.ed jdk.editpad jdk.hotspot.agent jdk.httpserver jdk.internal.le jdk.internal.vm.ci jdk.internal.vm.compiler jdk.internal.vm.compiler.management jdk.jartool jdk.javadoc jdk.jcmd jdk.management jdk.management.agent jdk.jconsole jdk.jdeps jdk.jdwp.agent jdk.jdi jdk.jfr jdk.jshell jdk.jsobject jdk.jstatd jdk.localedata jdk.management.jfr jdk.naming.dns jdk.naming.rmi jdk.net jdk.nio.mapmode jdk.random jdk.sctp jdk.security.auth jdk.security.jgss jdk.unsupported jdk.unsupported.desktop jdk.xml.dom" 

Environment Variables:
JAVA_HOME=C:\Program Files\Java\jdk-24
PATH=C:\Program Files\Java\jdk-24\bin;C:\Program Files\Java\jdk-24\bin;C:\Program Files\Common Files\Oracle\Java\javapath;C:\WINDOWS\system32;C:\WINDOWS;C:\WINDOWS\System32\Wbem;C:\WINDOWS\System32\WindowsPowerShell\v1.0\;C:\WINDOWS\System32\OpenSSH\;C:\Program Files\Git\cmd;C:\hugo;C:\Program Files\nodejs\;C:\Program Files\Apache\Maven\bin;C:\Program Files\Maven\apache-maven-3.9.16\bin;C:\Users\MyBook Hype AMD\AppData\Local\Programs\Python\Launcher\;C:\Users\MyBook Hype AMD\AppData\Local\pnpm;C:\Users\MyBook Hype AMD\AppData\Local\Microsoft\WindowsApps;E:\VSCode-win32-x64-1.89.1\bin;C:\Program Files\Java\jdk-24;C:\hugo;C:\Users\MyBook Hype AMD\AppData\Roaming\Composer\vendor\bin;C:\php-8.2.24-Win32-vs16-x64;C:\Users\MyBook Hype AMD\AppData\Local\ComposerSetup\bin;C:\mingw64\bin;%IntelliJ IDEA%;C:\Users\MyBook Hype AMD\AppData\Local\Android\Sdk;C:\Users\MyBook Hype AMD\AppData\Local\Android\Sdk\platform-tools;E:\flutter\flutter\bin;C:\ffmpeg\bin;C:\kotlinc\bin;C:\Users\MyBook Hype AMD\AppData\Roaming\npm
USERNAME=MyBook Hype AMD
OS=Windows_NT
PROCESSOR_IDENTIFIER=AMD64 Family 23 Model 104 Stepping 1, AuthenticAMD
TMP=C:\Users\MYBOOK~1\AppData\Local\Temp
TEMP=C:\Users\MYBOOK~1\AppData\Local\Temp




Periodic native trim disabled

---------------  S Y S T E M  ---------------

OS:
 Windows 11 , 64 bit Build 26100 (10.0.26100.7705)
OS uptime: 0 days 23:13 hours
Hyper-V role detected

CPU: total 12 (initial active 12) (12 cores per cpu, 2 threads per core) family 23 model 104 stepping 1 microcode 0x8608107, cx8, cmov, fxsr, ht, mmx, 3dnowpref, sse, sse2, sse3, ssse3, sse4a, sse4.1, sse4.2, popcnt, lzcnt, tsc, tscinvbit, avx, avx2, aes, clmul, bmi1, bmi2, adx, sha, fma, vzeroupper, clflush, clflushopt, hv, rdtscp, rdpid, f16c
Processor Information for the first 12 processors :
  Max Mhz: 2100, Current Mhz: 2100, Mhz Limit: 2100

Memory: 4k page, system-wide physical 7560M (733M free)
TotalPageFile size 28478M (AvailPageFile size 200M)
current process WorkingSet (physical memory assigned to process): 9M, peak: 507M
current process commit charge ("private bytes"): 594M, peak: 599M

vm_info: OpenJDK 64-Bit Server VM (21.0.10+7-LTS) for windows-amd64 JRE (21.0.10+7-LTS), built on 2026-01-20T00:00:00Z by "admin" with MS VC++ 17.12 (VS2022)

END.
