#
# There is insufficient memory for the Java Runtime Environment to continue.
# Native memory allocation (malloc) failed to allocate 2097152 bytes. Error detail: AllocateHeap
# Possible reasons:
#   The system is out of physical RAM or swap space
#   This process is running with CompressedOops enabled, and the Java Heap may be blocking the growth of the native heap
# Possible solutions:
#   Reduce memory load on the system
#   Increase physical memory or swap space
#   Check if swap backing store is full
#   Decrease Java heap size (-Xmx/-Xms)
#   Decrease number of Java threads
#   Decrease Java thread stack sizes (-Xss)
#   Set larger code cache with -XX:ReservedCodeCacheSize=
#   JVM is running with Unscaled Compressed Oops mode in which the Java heap is
#     placed in the first 4GB address space. The Java Heap base address is the
#     maximum limit for the native heap growth. Please use -XX:HeapBaseMinAddress
#     to set the Java Heap base and to place the Java Heap above 4GB virtual address.
# This output file may be truncated or incomplete.
#
#  Out of Memory Error (allocation.cpp:44), pid=3156, tid=17028
#
# JRE version: OpenJDK Runtime Environment Temurin-21.0.10+7 (21.0.10+7) (build 21.0.10+7-LTS)
# Java VM: OpenJDK 64-Bit Server VM Temurin-21.0.10+7 (21.0.10+7-LTS, mixed mode, sharing, tiered, compressed oops, compressed class ptrs, g1 gc, windows-amd64)
# No core dump will be written. Minidumps are not enabled by default on client versions of Windows
#

---------------  S U M M A R Y ------------

Command Line: -XX:+ShowCodeDetailsInExceptionMessages com.example.students_service.StudentsServiceApplication

Host: AMD Ryzen 5 5500U with Radeon Graphics         , 12 cores, 7G,  Windows 11 , 64 bit Build 26100 (10.0.26100.7705)
Time: Sun Jun 14 22:53:47 2026 SE Asia Standard Time elapsed time: 15478.034645 seconds (0d 4h 17m 58s)

---------------  T H R E A D  ---------------

Current thread (0x000001efbc1cfd40):  VMThread "VM Thread"          [id=17028, stack(0x000000792d100000,0x000000792d200000) (1024K)]

Stack: [0x000000792d100000,0x000000792d200000]
Native frames: (J=compiled Java code, j=interpreted, Vv=VM code, C=native code)
V  [jvm.dll+0x6d7a39]
V  [jvm.dll+0x8b4b26]
V  [jvm.dll+0x8b70de]
V  [jvm.dll+0x8b77c3]
V  [jvm.dll+0x284346]
V  [jvm.dll+0xc1277]
V  [jvm.dll+0x34f92e]
V  [jvm.dll+0x34a11e]
V  [jvm.dll+0x332a57]
V  [jvm.dll+0x374cc4]
V  [jvm.dll+0x8bd4b0]
V  [jvm.dll+0x8be824]
V  [jvm.dll+0x8bed50]
V  [jvm.dll+0x8beff3]
V  [jvm.dll+0x85f59d]
V  [jvm.dll+0x6d626d]
C  [ucrtbase.dll+0x37b0]
C  [KERNEL32.DLL+0x2e8d7]
C  [ntdll.dll+0x8c40c]

VM_Operation (0x000000792fbfee60): G1CollectFull, mode: safepoint, requested by thread 0x000001efff64ce30


---------------  P R O C E S S  ---------------

Threads class SMR info:
_java_thread_list=0x000001ef84f844d0, length=15, elements={
0x000001efbc1eab70, 0x000001efbc1eb5d0, 0x000001efbc1f1720, 0x000001efbc1f2180,
0x000001efbc1f3750, 0x000001efbc1fc350, 0x000001efbc1f8620, 0x000001efbc248030,
0x000001efbc4490d0, 0x000001efbc44ecf0, 0x000001ef867bd2e0, 0x000001ef878cab10,
0x000001ef878ca480, 0x000001ef878c7d20, 0x000001efff64ce30
}

Java Threads: ( => current thread )
  0x000001efbc1eab70 JavaThread "Reference Handler"          daemon [_thread_blocked, id=15504, stack(0x000000792d200000,0x000000792d300000) (1024K)]
  0x000001efbc1eb5d0 JavaThread "Finalizer"                  daemon [_thread_blocked, id=18104, stack(0x000000792d300000,0x000000792d400000) (1024K)]
  0x000001efbc1f1720 JavaThread "Signal Dispatcher"          daemon [_thread_blocked, id=6500, stack(0x000000792d400000,0x000000792d500000) (1024K)]
  0x000001efbc1f2180 JavaThread "Attach Listener"            daemon [_thread_blocked, id=7456, stack(0x000000792d500000,0x000000792d600000) (1024K)]
  0x000001efbc1f3750 JavaThread "Service Thread"             daemon [_thread_blocked, id=13992, stack(0x000000792d600000,0x000000792d700000) (1024K)]
  0x000001efbc1fc350 JavaThread "Monitor Deflation Thread"   daemon [_thread_blocked, id=6908, stack(0x000000792d700000,0x000000792d800000) (1024K)]
  0x000001efbc1f8620 JavaThread "C2 CompilerThread0"         daemon [_thread_blocked, id=12912, stack(0x000000792d800000,0x000000792d900000) (1024K)]
  0x000001efbc248030 JavaThread "C1 CompilerThread0"         daemon [_thread_blocked, id=20440, stack(0x000000792d900000,0x000000792da00000) (1024K)]
  0x000001efbc4490d0 JavaThread "Notification Thread"        daemon [_thread_blocked, id=18716, stack(0x000000792da00000,0x000000792db00000) (1024K)]
  0x000001efbc44ecf0 JavaThread "Common-Cleaner"             daemon [_thread_blocked, id=3540, stack(0x000000792db00000,0x000000792dc00000) (1024K)]
  0x000001ef867bd2e0 JavaThread "Cleaner-0"                  daemon [_thread_blocked, id=14016, stack(0x000000792ee00000,0x000000792ef00000) (1024K)]
  0x000001ef878cab10 JavaThread "DestroyJavaVM"                     [_thread_blocked, id=12228, stack(0x000000792ca00000,0x000000792cb00000) (1024K)]
  0x000001ef878ca480 JavaThread "Catalina-utility-1"                [_thread_blocked, id=13388, stack(0x000000792e300000,0x000000792e400000) (1024K)]
  0x000001ef878c7d20 JavaThread "Catalina-utility-2"                [_thread_blocked, id=23080, stack(0x000000792e400000,0x000000792e500000) (1024K)]
  0x000001efff64ce30 JavaThread "Thread-19"                         [_thread_blocked, id=15724, stack(0x000000792fb00000,0x000000792fc00000) (1024K)]
Total: 15

Other Threads:
=>0x000001efbc1cfd40 VMThread "VM Thread"                           [id=17028, stack(0x000000792d100000,0x000000792d200000) (1024K)]
  0x000001efbc1becb0 WatcherThread "VM Periodic Task Thread"        [id=18976, stack(0x000000792d000000,0x000000792d100000) (1024K)]
  0x000001efa498f960 WorkerThread "GC Thread#0"                     [id=8744, stack(0x000000792cb00000,0x000000792cc00000) (1024K)]
  0x000001effe3bb880 WorkerThread "GC Thread#1"                     [id=1344, stack(0x000000792dd00000,0x000000792de00000) (1024K)]
  0x000001efbcd3a1f0 WorkerThread "GC Thread#2"                     [id=11988, stack(0x000000792de00000,0x000000792df00000) (1024K)]
  0x000001effe6fbd80 WorkerThread "GC Thread#3"                     [id=5320, stack(0x000000792df00000,0x000000792e000000) (1024K)]
  0x000001effec35c30 WorkerThread "GC Thread#4"                     [id=11884, stack(0x000000792e000000,0x000000792e100000) (1024K)]
  0x000001effe3c0010 WorkerThread "GC Thread#5"                     [id=11048, stack(0x000000792dc00000,0x000000792dd00000) (1024K)]
  0x000001effe1cad20 WorkerThread "GC Thread#6"                     [id=14596, stack(0x000000792e100000,0x000000792e200000) (1024K)]
  0x000001effe1cb0d0 WorkerThread "GC Thread#7"                     [id=10168, stack(0x000000792e200000,0x000000792e300000) (1024K)]
  0x000001efff0c86c0 WorkerThread "GC Thread#8"                     [id=1772, stack(0x000000792e700000,0x000000792e800000) (1024K)]
  0x000001effef26d40 WorkerThread "GC Thread#9"                     [id=3712, stack(0x000000792e800000,0x000000792e900000) (1024K)]
  0x000001efa499f540 ConcurrentGCThread "G1 Main Marker"            [id=8792, stack(0x000000792cc00000,0x000000792cd00000) (1024K)]
  0x000001efa49a1a30 WorkerThread "G1 Conc#0"                       [id=2540, stack(0x000000792cd00000,0x000000792ce00000) (1024K)]
  0x000001efff333cf0 WorkerThread "G1 Conc#1"                       [id=12708, stack(0x000000792eb00000,0x000000792ec00000) (1024K)]
  0x000001efff333940 WorkerThread "G1 Conc#2"                       [id=12476, stack(0x000000792ec00000,0x000000792ed00000) (1024K)]
  0x000001efbc089470 ConcurrentGCThread "G1 Refine#0"               [id=15244, stack(0x000000792ce00000,0x000000792cf00000) (1024K)]
  0x000001efbc08b550 ConcurrentGCThread "G1 Service"                [id=15832, stack(0x000000792cf00000,0x000000792d000000) (1024K)]
Total: 18

Threads with active compile tasks:
C2 CompilerThread0  15478119 14848 % !   4       org.springframework.beans.factory.support.DefaultSingletonBeanRegistry::destroyBean @ 260 (349 bytes)
C1 CompilerThread0  15478119 14852  s    3       org.apache.tomcat.util.modeler.Registry::getRegistry (70 bytes)
Total: 2

VM state: at safepoint (normal execution)

VM Mutex/Monitor currently owned by a thread:  ([mutex/lock_event])
[0x00007ffef2a6e560] Threads_lock - owner thread: 0x000001efbc1cfd40
[0x00007ffef2a6e660] Heap_lock - owner thread: 0x000001efff64ce30

Heap address: 0x0000000089c00000, size: 1892 MB, Compressed Oops mode: 32-bit

CDS archive(s) mapped at: [0x000001efbd000000-0x000001efbdba0000-0x000001efbdba0000), size 12189696, SharedBaseAddress: 0x000001efbd000000, ArchiveRelocationMode: 1.
Compressed class space mapped at: 0x000001efbe000000-0x000001effe000000, reserved size: 1073741824
Narrow klass base: 0x000001efbd000000, Narrow klass shift: 0, Narrow klass range: 0x100000000

GC Precious Log:
 CardTable entry size: 512
 Card Set container configuration: InlinePtr #cards 5 size 8 Array Of Cards #cards 12 size 40 Howl #buckets 4 coarsen threshold 1843 Howl Bitmap #cards 512 size 80 coarsen threshold 460 Card regions per heap region 1 cards per card region 2048
 CPUs: 12 total, 12 available
 Memory: 7560M
 Large Page Support: Disabled
 NUMA Support: Disabled
 Compressed Oops: Enabled (32-bit)
 Heap Region Size: 1M
 Heap Min Capacity: 8M
 Heap Initial Capacity: 120M
 Heap Max Capacity: 1892M
 Pre-touch: Disabled
 Parallel Workers: 10
 Concurrent Workers: 3
 Concurrent Refinement Workers: 10
 Periodic GC: Disabled

Heap:
 garbage-first heap   total 137216K, used 93016K [0x0000000089c00000, 0x0000000100000000)
  region size 1024K, 54 young (55296K), 6 survivors (6144K)
 Metaspace       used 93057K, committed 93888K, reserved 1179648K
  class space    used 12683K, committed 13056K, reserved 1048576K

Heap Regions: E=young(eden), S=young(survivor), O=old, HS=humongous(starts), HC=humongous(continues), CS=collection set, F=free, TAMS=top-at-mark-start, PB=parsable bottom
|   0|0x0000000089c00000, 0x0000000089d00000, 0x0000000089d00000|100%|HS|  |TAMS 0x0000000089c00000| PB 0x0000000089c00000| Complete 
|   1|0x0000000089d00000, 0x0000000089e00000, 0x0000000089e00000|100%|HS|  |TAMS 0x0000000089d00000| PB 0x0000000089d00000| Complete 
|   2|0x0000000089e00000, 0x0000000089efffc0, 0x0000000089f00000| 99%| O|  |TAMS 0x0000000089e00000| PB 0x0000000089e00000| Untracked 
|   3|0x0000000089f00000, 0x000000008a000000, 0x000000008a000000|100%|HS|  |TAMS 0x0000000089f00000| PB 0x0000000089f00000| Complete 
|   4|0x000000008a000000, 0x000000008a0fffc0, 0x000000008a100000| 99%| O|  |TAMS 0x000000008a000000| PB 0x000000008a000000| Untracked 
|   5|0x000000008a100000, 0x000000008a200000, 0x000000008a200000|100%| O|  |TAMS 0x000000008a100000| PB 0x000000008a100000| Untracked 
|   6|0x000000008a200000, 0x000000008a300000, 0x000000008a300000|100%| O|  |TAMS 0x000000008a200000| PB 0x000000008a200000| Untracked 
|   7|0x000000008a300000, 0x000000008a400000, 0x000000008a400000|100%| O|  |TAMS 0x000000008a300000| PB 0x000000008a300000| Untracked 
|   8|0x000000008a400000, 0x000000008a4fffb0, 0x000000008a500000| 99%| O|  |TAMS 0x000000008a400000| PB 0x000000008a400000| Untracked 
|   9|0x000000008a500000, 0x000000008a5ffff8, 0x000000008a600000| 99%| O|  |TAMS 0x000000008a500000| PB 0x000000008a500000| Untracked 
|  10|0x000000008a600000, 0x000000008a6fffd0, 0x000000008a700000| 99%| O|  |TAMS 0x000000008a600000| PB 0x000000008a600000| Untracked 
|  11|0x000000008a700000, 0x000000008a7fffc0, 0x000000008a800000| 99%| O|  |TAMS 0x000000008a700000| PB 0x000000008a700000| Untracked 
|  12|0x000000008a800000, 0x000000008a8ffd18, 0x000000008a900000| 99%| O|  |TAMS 0x000000008a800000| PB 0x000000008a800000| Untracked 
|  13|0x000000008a900000, 0x000000008a9fffe8, 0x000000008aa00000| 99%| O|  |TAMS 0x000000008a900000| PB 0x000000008a900000| Untracked 
|  14|0x000000008aa00000, 0x000000008aaffff0, 0x000000008ab00000| 99%| O|  |TAMS 0x000000008aa00000| PB 0x000000008aa00000| Untracked 
|  15|0x000000008ab00000, 0x000000008ac00000, 0x000000008ac00000|100%| O|  |TAMS 0x000000008ab00000| PB 0x000000008ab00000| Untracked 
|  16|0x000000008ac00000, 0x000000008acffff8, 0x000000008ad00000| 99%| O|  |TAMS 0x000000008ac00000| PB 0x000000008ac00000| Untracked 
|  17|0x000000008ad00000, 0x000000008ae00000, 0x000000008ae00000|100%| O|  |TAMS 0x000000008ad00000| PB 0x000000008ad00000| Untracked 
|  18|0x000000008ae00000, 0x000000008aefffe8, 0x000000008af00000| 99%| O|  |TAMS 0x000000008ae00000| PB 0x000000008ae00000| Untracked 
|  19|0x000000008af00000, 0x000000008affffe0, 0x000000008b000000| 99%| O|  |TAMS 0x000000008af00000| PB 0x000000008af00000| Untracked 
|  20|0x000000008b000000, 0x000000008b0ffff0, 0x000000008b100000| 99%| O|  |TAMS 0x000000008b000000| PB 0x000000008b000000| Untracked 
|  21|0x000000008b100000, 0x000000008b200000, 0x000000008b200000|100%| O|  |TAMS 0x000000008b100000| PB 0x000000008b100000| Untracked 
|  22|0x000000008b200000, 0x000000008b2ffff8, 0x000000008b300000| 99%| O|  |TAMS 0x000000008b200000| PB 0x000000008b200000| Untracked 
|  23|0x000000008b300000, 0x000000008b3fffe8, 0x000000008b400000| 99%| O|  |TAMS 0x000000008b300000| PB 0x000000008b300000| Untracked 
|  24|0x000000008b400000, 0x000000008b4fffb8, 0x000000008b500000| 99%| O|  |TAMS 0x000000008b400000| PB 0x000000008b400000| Untracked 
|  25|0x000000008b500000, 0x000000008b600000, 0x000000008b600000|100%| O|  |TAMS 0x000000008b500000| PB 0x000000008b500000| Untracked 
|  26|0x000000008b600000, 0x000000008b700000, 0x000000008b700000|100%| O|  |TAMS 0x000000008b600000| PB 0x000000008b600000| Untracked 
|  27|0x000000008b700000, 0x000000008b7fffb8, 0x000000008b800000| 99%| O|  |TAMS 0x000000008b700000| PB 0x000000008b700000| Untracked 
|  28|0x000000008b800000, 0x000000008b8fe490, 0x000000008b900000| 99%| O|  |TAMS 0x000000008b800000| PB 0x000000008b800000| Untracked 
|  29|0x000000008b900000, 0x000000008b9fffd8, 0x000000008ba00000| 99%| O|  |TAMS 0x000000008b900000| PB 0x000000008b900000| Untracked 
|  30|0x000000008ba00000, 0x000000008bafffd8, 0x000000008bb00000| 99%| O|  |TAMS 0x000000008ba00000| PB 0x000000008ba00000| Untracked 
|  31|0x000000008bb00000, 0x000000008bc00000, 0x000000008bc00000|100%| O|  |TAMS 0x000000008bb00000| PB 0x000000008bb00000| Untracked 
|  32|0x000000008bc00000, 0x000000008bcffff0, 0x000000008bd00000| 99%| O|  |TAMS 0x000000008bc00000| PB 0x000000008bc00000| Untracked 
|  33|0x000000008bd00000, 0x000000008be00000, 0x000000008be00000|100%| O|  |TAMS 0x000000008bd00000| PB 0x000000008bd00000| Untracked 
|  34|0x000000008be00000, 0x000000008befffc0, 0x000000008bf00000| 99%| O|  |TAMS 0x000000008be00000| PB 0x000000008be00000| Untracked 
|  35|0x000000008bf00000, 0x000000008bfffff0, 0x000000008c000000| 99%| O|  |TAMS 0x000000008bf00000| PB 0x000000008bf00000| Untracked 
|  36|0x000000008c000000, 0x000000008c035c38, 0x000000008c100000| 21%| O|Cm|TAMS 0x000000008c000000| PB 0x000000008c000000| Complete 
|  37|0x000000008c100000, 0x000000008c168b18, 0x000000008c200000| 40%| O|  |TAMS 0x000000008c100000| PB 0x000000008c100000| Untracked 
|  38|0x000000008c200000, 0x000000008c298fc8, 0x000000008c300000| 59%| O|  |TAMS 0x000000008c200000| PB 0x000000008c200000| Untracked 
|  39|0x000000008c300000, 0x000000008c35ba28, 0x000000008c400000| 35%| O|  |TAMS 0x000000008c300000| PB 0x000000008c300000| Untracked 
|  40|0x000000008c400000, 0x000000008c500000, 0x000000008c500000|100%|HS|  |TAMS 0x000000008c400000| PB 0x000000008c400000| Complete 
|  41|0x000000008c500000, 0x000000008c500000, 0x000000008c600000|  0%| F|  |TAMS 0x000000008c500000| PB 0x000000008c500000| Untracked 
|  42|0x000000008c600000, 0x000000008c600000, 0x000000008c700000|  0%| F|  |TAMS 0x000000008c600000| PB 0x000000008c600000| Untracked 
|  43|0x000000008c700000, 0x000000008c700000, 0x000000008c800000|  0%| F|  |TAMS 0x000000008c700000| PB 0x000000008c700000| Untracked 
|  44|0x000000008c800000, 0x000000008c800000, 0x000000008c900000|  0%| F|  |TAMS 0x000000008c800000| PB 0x000000008c800000| Untracked 
|  45|0x000000008c900000, 0x000000008c900000, 0x000000008ca00000|  0%| F|  |TAMS 0x000000008c900000| PB 0x000000008c900000| Untracked 
|  46|0x000000008ca00000, 0x000000008ca00000, 0x000000008cb00000|  0%| F|  |TAMS 0x000000008ca00000| PB 0x000000008ca00000| Untracked 
|  47|0x000000008cb00000, 0x000000008cb00000, 0x000000008cc00000|  0%| F|  |TAMS 0x000000008cb00000| PB 0x000000008cb00000| Untracked 
|  48|0x000000008cc00000, 0x000000008cc00000, 0x000000008cd00000|  0%| F|  |TAMS 0x000000008cc00000| PB 0x000000008cc00000| Untracked 
|  49|0x000000008cd00000, 0x000000008cd00000, 0x000000008ce00000|  0%| F|  |TAMS 0x000000008cd00000| PB 0x000000008cd00000| Untracked 
|  50|0x000000008ce00000, 0x000000008ce00000, 0x000000008cf00000|  0%| F|  |TAMS 0x000000008ce00000| PB 0x000000008ce00000| Untracked 
|  51|0x000000008cf00000, 0x000000008cf00000, 0x000000008d000000|  0%| F|  |TAMS 0x000000008cf00000| PB 0x000000008cf00000| Untracked 
|  52|0x000000008d000000, 0x000000008d000000, 0x000000008d100000|  0%| F|  |TAMS 0x000000008d000000| PB 0x000000008d000000| Untracked 
|  53|0x000000008d100000, 0x000000008d100000, 0x000000008d200000|  0%| F|  |TAMS 0x000000008d100000| PB 0x000000008d100000| Untracked 
|  54|0x000000008d200000, 0x000000008d200000, 0x000000008d300000|  0%| F|  |TAMS 0x000000008d200000| PB 0x000000008d200000| Untracked 
|  55|0x000000008d300000, 0x000000008d300000, 0x000000008d400000|  0%| F|  |TAMS 0x000000008d300000| PB 0x000000008d300000| Untracked 
|  56|0x000000008d400000, 0x000000008d400000, 0x000000008d500000|  0%| F|  |TAMS 0x000000008d400000| PB 0x000000008d400000| Untracked 
|  57|0x000000008d500000, 0x000000008d500000, 0x000000008d600000|  0%| F|  |TAMS 0x000000008d500000| PB 0x000000008d500000| Untracked 
|  58|0x000000008d600000, 0x000000008d600000, 0x000000008d700000|  0%| F|  |TAMS 0x000000008d600000| PB 0x000000008d600000| Untracked 
|  59|0x000000008d700000, 0x000000008d700000, 0x000000008d800000|  0%| F|  |TAMS 0x000000008d700000| PB 0x000000008d700000| Untracked 
|  60|0x000000008d800000, 0x000000008d800000, 0x000000008d900000|  0%| F|  |TAMS 0x000000008d800000| PB 0x000000008d800000| Untracked 
|  61|0x000000008d900000, 0x000000008d900000, 0x000000008da00000|  0%| F|  |TAMS 0x000000008d900000| PB 0x000000008d900000| Untracked 
|  62|0x000000008da00000, 0x000000008da00000, 0x000000008db00000|  0%| F|  |TAMS 0x000000008da00000| PB 0x000000008da00000| Untracked 
|  63|0x000000008db00000, 0x000000008db00000, 0x000000008dc00000|  0%| F|  |TAMS 0x000000008db00000| PB 0x000000008db00000| Untracked 
|  64|0x000000008dc00000, 0x000000008dc00000, 0x000000008dd00000|  0%| F|  |TAMS 0x000000008dc00000| PB 0x000000008dc00000| Untracked 
|  65|0x000000008dd00000, 0x000000008dd00000, 0x000000008de00000|  0%| F|  |TAMS 0x000000008dd00000| PB 0x000000008dd00000| Untracked 
|  66|0x000000008de00000, 0x000000008de00000, 0x000000008df00000|  0%| F|  |TAMS 0x000000008de00000| PB 0x000000008de00000| Untracked 
|  67|0x000000008df00000, 0x000000008df00000, 0x000000008e000000|  0%| F|  |TAMS 0x000000008df00000| PB 0x000000008df00000| Untracked 
|  68|0x000000008e000000, 0x000000008e000000, 0x000000008e100000|  0%| F|  |TAMS 0x000000008e000000| PB 0x000000008e000000| Untracked 
|  69|0x000000008e100000, 0x000000008e1452f0, 0x000000008e200000| 27%| S|CS|TAMS 0x000000008e100000| PB 0x000000008e100000| Complete 
|  70|0x000000008e200000, 0x000000008e300000, 0x000000008e300000|100%| S|CS|TAMS 0x000000008e200000| PB 0x000000008e200000| Complete 
|  71|0x000000008e300000, 0x000000008e400000, 0x000000008e400000|100%| S|CS|TAMS 0x000000008e300000| PB 0x000000008e300000| Complete 
|  72|0x000000008e400000, 0x000000008e500000, 0x000000008e500000|100%| S|CS|TAMS 0x000000008e400000| PB 0x000000008e400000| Complete 
|  73|0x000000008e500000, 0x000000008e600000, 0x000000008e600000|100%| S|CS|TAMS 0x000000008e500000| PB 0x000000008e500000| Complete 
|  74|0x000000008e600000, 0x000000008e700000, 0x000000008e700000|100%| S|CS|TAMS 0x000000008e600000| PB 0x000000008e600000| Complete 
|  75|0x000000008e700000, 0x000000008e700000, 0x000000008e800000|  0%| F|  |TAMS 0x000000008e700000| PB 0x000000008e700000| Untracked 
|  76|0x000000008e800000, 0x000000008e800000, 0x000000008e900000|  0%| F|  |TAMS 0x000000008e800000| PB 0x000000008e800000| Untracked 
|  77|0x000000008e900000, 0x000000008e900000, 0x000000008ea00000|  0%| F|  |TAMS 0x000000008e900000| PB 0x000000008e900000| Untracked 
|  78|0x000000008ea00000, 0x000000008ea00000, 0x000000008eb00000|  0%| F|  |TAMS 0x000000008ea00000| PB 0x000000008ea00000| Untracked 
|  79|0x000000008eb00000, 0x000000008eb00000, 0x000000008ec00000|  0%| F|  |TAMS 0x000000008eb00000| PB 0x000000008eb00000| Untracked 
|  80|0x000000008ec00000, 0x000000008ec00000, 0x000000008ed00000|  0%| F|  |TAMS 0x000000008ec00000| PB 0x000000008ec00000| Untracked 
|  81|0x000000008ed00000, 0x000000008ed00000, 0x000000008ee00000|  0%| F|  |TAMS 0x000000008ed00000| PB 0x000000008ed00000| Untracked 
|  82|0x000000008ee00000, 0x000000008ee00000, 0x000000008ef00000|  0%| F|  |TAMS 0x000000008ee00000| PB 0x000000008ee00000| Untracked 
|  83|0x000000008ef00000, 0x000000008ef00000, 0x000000008f000000|  0%| F|  |TAMS 0x000000008ef00000| PB 0x000000008ef00000| Untracked 
|  84|0x000000008f000000, 0x000000008f000000, 0x000000008f100000|  0%| F|  |TAMS 0x000000008f000000| PB 0x000000008f000000| Untracked 
|  85|0x000000008f100000, 0x000000008f100000, 0x000000008f200000|  0%| F|  |TAMS 0x000000008f100000| PB 0x000000008f100000| Untracked 
|  86|0x000000008f200000, 0x000000008f300000, 0x000000008f300000|100%| E|  |TAMS 0x000000008f200000| PB 0x000000008f200000| Complete 
|  87|0x000000008f300000, 0x000000008f400000, 0x000000008f400000|100%| E|CS|TAMS 0x000000008f300000| PB 0x000000008f300000| Complete 
|  88|0x000000008f400000, 0x000000008f500000, 0x000000008f500000|100%| E|CS|TAMS 0x000000008f400000| PB 0x000000008f400000| Complete 
|  89|0x000000008f500000, 0x000000008f600000, 0x000000008f600000|100%| E|CS|TAMS 0x000000008f500000| PB 0x000000008f500000| Complete 
|  90|0x000000008f600000, 0x000000008f700000, 0x000000008f700000|100%| E|CS|TAMS 0x000000008f600000| PB 0x000000008f600000| Complete 
|  91|0x000000008f700000, 0x000000008f800000, 0x000000008f800000|100%| E|CS|TAMS 0x000000008f700000| PB 0x000000008f700000| Complete 
|  92|0x000000008f800000, 0x000000008f900000, 0x000000008f900000|100%| E|CS|TAMS 0x000000008f800000| PB 0x000000008f800000| Complete 
|  93|0x000000008f900000, 0x000000008fa00000, 0x000000008fa00000|100%| E|CS|TAMS 0x000000008f900000| PB 0x000000008f900000| Complete 
|  94|0x000000008fa00000, 0x000000008fb00000, 0x000000008fb00000|100%| E|CS|TAMS 0x000000008fa00000| PB 0x000000008fa00000| Complete 
|  95|0x000000008fb00000, 0x000000008fc00000, 0x000000008fc00000|100%| E|CS|TAMS 0x000000008fb00000| PB 0x000000008fb00000| Complete 
|  96|0x000000008fc00000, 0x000000008fd00000, 0x000000008fd00000|100%| E|CS|TAMS 0x000000008fc00000| PB 0x000000008fc00000| Complete 
|  97|0x000000008fd00000, 0x000000008fe00000, 0x000000008fe00000|100%| E|CS|TAMS 0x000000008fd00000| PB 0x000000008fd00000| Complete 
|  98|0x000000008fe00000, 0x000000008ff00000, 0x000000008ff00000|100%| E|CS|TAMS 0x000000008fe00000| PB 0x000000008fe00000| Complete 
|  99|0x000000008ff00000, 0x0000000090000000, 0x0000000090000000|100%| E|CS|TAMS 0x000000008ff00000| PB 0x000000008ff00000| Complete 
| 100|0x0000000090000000, 0x0000000090100000, 0x0000000090100000|100%| E|CS|TAMS 0x0000000090000000| PB 0x0000000090000000| Complete 
| 101|0x0000000090100000, 0x0000000090200000, 0x0000000090200000|100%| E|CS|TAMS 0x0000000090100000| PB 0x0000000090100000| Complete 
| 102|0x0000000090200000, 0x0000000090300000, 0x0000000090300000|100%| E|CS|TAMS 0x0000000090200000| PB 0x0000000090200000| Complete 
| 103|0x0000000090300000, 0x0000000090400000, 0x0000000090400000|100%| E|CS|TAMS 0x0000000090300000| PB 0x0000000090300000| Complete 
| 104|0x0000000090400000, 0x0000000090500000, 0x0000000090500000|100%| E|CS|TAMS 0x0000000090400000| PB 0x0000000090400000| Complete 
| 105|0x0000000090500000, 0x0000000090600000, 0x0000000090600000|100%| E|CS|TAMS 0x0000000090500000| PB 0x0000000090500000| Complete 
| 106|0x0000000090600000, 0x0000000090700000, 0x0000000090700000|100%| E|CS|TAMS 0x0000000090600000| PB 0x0000000090600000| Complete 
| 107|0x0000000090700000, 0x0000000090800000, 0x0000000090800000|100%| E|CS|TAMS 0x0000000090700000| PB 0x0000000090700000| Complete 
| 108|0x0000000090800000, 0x0000000090900000, 0x0000000090900000|100%| E|CS|TAMS 0x0000000090800000| PB 0x0000000090800000| Complete 
| 109|0x0000000090900000, 0x0000000090a00000, 0x0000000090a00000|100%| E|CS|TAMS 0x0000000090900000| PB 0x0000000090900000| Complete 
| 110|0x0000000090a00000, 0x0000000090b00000, 0x0000000090b00000|100%| E|CS|TAMS 0x0000000090a00000| PB 0x0000000090a00000| Complete 
| 111|0x0000000090b00000, 0x0000000090c00000, 0x0000000090c00000|100%| E|CS|TAMS 0x0000000090b00000| PB 0x0000000090b00000| Complete 
| 112|0x0000000090c00000, 0x0000000090d00000, 0x0000000090d00000|100%| E|CS|TAMS 0x0000000090c00000| PB 0x0000000090c00000| Complete 
| 113|0x0000000090d00000, 0x0000000090e00000, 0x0000000090e00000|100%| E|CS|TAMS 0x0000000090d00000| PB 0x0000000090d00000| Complete 
| 114|0x0000000090e00000, 0x0000000090f00000, 0x0000000090f00000|100%| E|CS|TAMS 0x0000000090e00000| PB 0x0000000090e00000| Complete 
| 115|0x0000000090f00000, 0x0000000091000000, 0x0000000091000000|100%| E|CS|TAMS 0x0000000090f00000| PB 0x0000000090f00000| Complete 
| 116|0x0000000091000000, 0x0000000091100000, 0x0000000091100000|100%| E|CS|TAMS 0x0000000091000000| PB 0x0000000091000000| Complete 
| 117|0x0000000091100000, 0x0000000091200000, 0x0000000091200000|100%| E|CS|TAMS 0x0000000091100000| PB 0x0000000091100000| Complete 
| 118|0x0000000091200000, 0x0000000091300000, 0x0000000091300000|100%| E|CS|TAMS 0x0000000091200000| PB 0x0000000091200000| Complete 
| 119|0x0000000091300000, 0x0000000091400000, 0x0000000091400000|100%| E|CS|TAMS 0x0000000091300000| PB 0x0000000091300000| Complete 
| 120|0x0000000091400000, 0x0000000091500000, 0x0000000091500000|100%| E|CS|TAMS 0x0000000091400000| PB 0x0000000091400000| Complete 
| 121|0x0000000091500000, 0x0000000091600000, 0x0000000091600000|100%| E|CS|TAMS 0x0000000091500000| PB 0x0000000091500000| Complete 
| 122|0x0000000091600000, 0x0000000091700000, 0x0000000091700000|100%| E|CS|TAMS 0x0000000091600000| PB 0x0000000091600000| Complete 
| 123|0x0000000091700000, 0x0000000091800000, 0x0000000091800000|100%| E|CS|TAMS 0x0000000091700000| PB 0x0000000091700000| Complete 
| 124|0x0000000091800000, 0x0000000091900000, 0x0000000091900000|100%| E|CS|TAMS 0x0000000091800000| PB 0x0000000091800000| Complete 
| 125|0x0000000091900000, 0x0000000091a00000, 0x0000000091a00000|100%| E|CS|TAMS 0x0000000091900000| PB 0x0000000091900000| Complete 
| 126|0x0000000091a00000, 0x0000000091b00000, 0x0000000091b00000|100%| E|CS|TAMS 0x0000000091a00000| PB 0x0000000091a00000| Complete 
| 127|0x0000000091b00000, 0x0000000091c00000, 0x0000000091c00000|100%| E|CS|TAMS 0x0000000091b00000| PB 0x0000000091b00000| Complete 
| 128|0x0000000091c00000, 0x0000000091d00000, 0x0000000091d00000|100%| E|CS|TAMS 0x0000000091c00000| PB 0x0000000091c00000| Complete 
| 129|0x0000000091d00000, 0x0000000091e00000, 0x0000000091e00000|100%| E|CS|TAMS 0x0000000091d00000| PB 0x0000000091d00000| Complete 
| 130|0x0000000091e00000, 0x0000000091f00000, 0x0000000091f00000|100%| E|CS|TAMS 0x0000000091e00000| PB 0x0000000091e00000| Complete 
| 131|0x0000000091f00000, 0x0000000092000000, 0x0000000092000000|100%| E|CS|TAMS 0x0000000091f00000| PB 0x0000000091f00000| Complete 
| 132|0x0000000092000000, 0x0000000092100000, 0x0000000092100000|100%| E|CS|TAMS 0x0000000092000000| PB 0x0000000092000000| Complete 
| 133|0x0000000092100000, 0x0000000092200000, 0x0000000092200000|100%| E|CS|TAMS 0x0000000092100000| PB 0x0000000092100000| Complete 

Card table byte_map: [0x000001efb7430000,0x000001efb77f0000] _byte_map_base: 0x000001efb6fe2000

Marking Bits: (CMBitMap*) 0x000001efa498fe80
 Bits: [0x000001efb77f0000, 0x000001efb9580000)

Polling page: 0x000001efa2780000

Metaspace:

Usage:
  Non-class:     78.49 MB used.
      Class:     12.39 MB used.
       Both:     90.88 MB used.

Virtual space:
  Non-class space:      128.00 MB reserved,      78.94 MB ( 62%) committed,  2 nodes.
      Class space:        1.00 GB reserved,      12.75 MB (  1%) committed,  1 nodes.
             Both:        1.12 GB reserved,      91.69 MB (  8%) committed. 

Chunk freelists:
   Non-Class:  137.00 KB
       Class:  3.29 MB
        Both:  3.43 MB

MaxMetaspaceSize: unlimited
CompressedClassSpaceSize: 1.00 GB
Initial GC threshold: 21.00 MB
Current GC threshold: 151.88 MB
CDS: on
 - commit_granule_bytes: 65536.
 - commit_granule_words: 8192.
 - virtual_space_node_default_size: 8388608.
 - enlarge_chunks_in_place: 1.
 - use_allocation_guard: 0.


Internal statistics:

num_allocs_failed_limit: 9.
num_arena_births: 1752.
num_arena_deaths: 602.
num_vsnodes_births: 3.
num_vsnodes_deaths: 0.
num_space_committed: 1467.
num_space_uncommitted: 0.
num_chunks_returned_to_freelist: 664.
num_chunks_taken_from_freelist: 5656.
num_chunk_merges: 128.
num_chunk_splits: 3692.
num_chunks_enlarged: 2826.
num_inconsistent_stats: 0.

CodeHeap 'non-profiled nmethods': size=120000Kb used=5845Kb max_used=5957Kb free=114155Kb
 bounds [0x000001efaf5f0000, 0x000001efafbd0000, 0x000001efb6b20000]
CodeHeap 'profiled nmethods': size=120000Kb used=13145Kb max_used=14544Kb free=106854Kb
 bounds [0x000001efa7b20000, 0x000001efa8960000, 0x000001efaf050000]
CodeHeap 'non-nmethods': size=5760Kb used=1596Kb max_used=1651Kb free=4163Kb
 bounds [0x000001efaf050000, 0x000001efaf2c0000, 0x000001efaf5f0000]
CodeCache: size=245760Kb, used=20586Kb, max_used=22152Kb, free=225172Kb
 total_blobs=7229, nmethods=6495, adapters=636, full_count=0
Compilation: enabled, stopped_count=0, restarted_count=0

Compilation events (20 events):
Event: 15476.886 Thread 0x000001efbc248030 14841       1       java.lang.Thread::threadContainer (5 bytes)
Event: 15476.886 Thread 0x000001efbc248030 nmethod 14841 0x000001efafa9bc90 code [0x000001efafa9be20, 0x000001efafa9bee8]
Event: 15476.891 Thread 0x000001efbc248030 14842       3       org.springframework.beans.factory.support.DefaultListableBeanFactory::destroySingleton (15 bytes)
Event: 15476.893 Thread 0x000001efbc248030 nmethod 14842 0x000001efa832a190 code [0x000001efa832a440, 0x000001efa832b140]
Event: 15476.893 Thread 0x000001efbc248030 14843   !   3       org.springframework.beans.factory.support.DefaultSingletonBeanRegistry::destroySingleton (111 bytes)
Event: 15476.896 Thread 0x000001efbc248030 nmethod 14843 0x000001efa818a890 code [0x000001efa818aae0, 0x000001efa818b560]
Event: 15476.896 Thread 0x000001efbc248030 14844       3       java.nio.charset.CharsetEncoder::replaceWith (89 bytes)
Event: 15476.897 Thread 0x000001efbc248030 nmethod 14844 0x000001efa7c9c910 code [0x000001efa7c9cb40, 0x000001efa7c9d290]
Event: 15476.899 Thread 0x000001efbc1f8620 14845       4       java.lang.invoke.VarHandleGuards::guard_LII_Z (86 bytes)
Event: 15476.912 Thread 0x000001efbc1f8620 nmethod 14845 0x000001efafae4f90 code [0x000001efafae5180, 0x000001efafae5740]
Event: 15476.955 Thread 0x000001efbc1f8620 14846       4       jdk.internal.misc.Unsafe::weakCompareAndSetLong (11 bytes)
Event: 15476.956 Thread 0x000001efbc1f8620 nmethod 14846 0x000001efafa9b990 code [0x000001efafa9bb20, 0x000001efafa9bbc0]
Event: 15476.993 Thread 0x000001efbc248030 14847       3       java.lang.Math::floorDiv (7 bytes)
Event: 15476.994 Thread 0x000001efbc248030 nmethod 14847 0x000001efa81c1890 code [0x000001efa81c1a40, 0x000001efa81c1b58]
Event: 15476.995 Thread 0x000001efbc1f8620 14848 % !   4       org.springframework.beans.factory.support.DefaultSingletonBeanRegistry::destroyBean @ 260 (349 bytes)
Event: 15476.996 Thread 0x000001efbc248030 14849       3       org.springframework.util.ConcurrentReferenceHashMap$EntryIterator::moveToNextSegment (55 bytes)
Event: 15476.996 Thread 0x000001efbc248030 nmethod 14849 0x000001efa81ca790 code [0x000001efa81ca940, 0x000001efa81cab78]
Event: 15476.997 Thread 0x000001efbc248030 14851       1       org.apache.catalina.ContainerEvent::getType (5 bytes)
Event: 15476.997 Thread 0x000001efbc248030 nmethod 14851 0x000001efaf758490 code [0x000001efaf758620, 0x000001efaf7586e8]
Event: 15477.005 Thread 0x000001efbc248030 14852  s    3       org.apache.tomcat.util.modeler.Registry::getRegistry (70 bytes)

GC Heap History (20 events):
Event: 15178.582 GC heap after
{Heap after GC invocations=57 (full 0):
 garbage-first heap   total 146432K, used 43193K [0x0000000089c00000, 0x0000000100000000)
  region size 1024K, 1 young (1024K), 1 survivors (1024K)
 Metaspace       used 89334K, committed 89984K, reserved 1179648K
  class space    used 12354K, committed 12608K, reserved 1048576K
}
Event: 15179.495 GC heap before
{Heap before GC invocations=57 (full 0):
 garbage-first heap   total 146432K, used 49337K [0x0000000089c00000, 0x0000000100000000)
  region size 1024K, 7 young (7168K), 1 survivors (1024K)
 Metaspace       used 90152K, committed 90752K, reserved 1179648K
  class space    used 12496K, committed 12736K, reserved 1048576K
}
Event: 15179.512 GC heap after
{Heap after GC invocations=58 (full 0):
 garbage-first heap   total 146432K, used 43623K [0x0000000089c00000, 0x0000000100000000)
  region size 1024K, 1 young (1024K), 1 survivors (1024K)
 Metaspace       used 90152K, committed 90752K, reserved 1179648K
  class space    used 12496K, committed 12736K, reserved 1048576K
}
Event: 15179.894 GC heap before
{Heap before GC invocations=58 (full 0):
 garbage-first heap   total 146432K, used 49767K [0x0000000089c00000, 0x0000000100000000)
  region size 1024K, 7 young (7168K), 1 survivors (1024K)
 Metaspace       used 90371K, committed 90944K, reserved 1179648K
  class space    used 12506K, committed 12736K, reserved 1048576K
}
Event: 15179.899 GC heap after
{Heap after GC invocations=59 (full 0):
 garbage-first heap   total 146432K, used 43603K [0x0000000089c00000, 0x0000000100000000)
  region size 1024K, 1 young (1024K), 1 survivors (1024K)
 Metaspace       used 90371K, committed 90944K, reserved 1179648K
  class space    used 12506K, committed 12736K, reserved 1048576K
}
Event: 15442.186 GC heap before
{Heap before GC invocations=59 (full 0):
 garbage-first heap   total 146432K, used 55891K [0x0000000089c00000, 0x0000000100000000)
  region size 1024K, 14 young (14336K), 1 survivors (1024K)
 Metaspace       used 90669K, committed 91264K, reserved 1179648K
  class space    used 12544K, committed 12800K, reserved 1048576K
}
Event: 15443.817 GC heap after
{Heap after GC invocations=60 (full 1):
 garbage-first heap   total 126976K, used 35366K [0x0000000089c00000, 0x0000000100000000)
  region size 1024K, 0 young (0K), 0 survivors (0K)
 Metaspace       used 90659K, committed 91264K, reserved 1179648K
  class space    used 12541K, committed 12800K, reserved 1048576K
}
Event: 15458.257 GC heap before
{Heap before GC invocations=60 (full 1):
 garbage-first heap   total 126976K, used 96806K [0x0000000089c00000, 0x0000000100000000)
  region size 1024K, 62 young (63488K), 0 survivors (0K)
 Metaspace       used 91125K, committed 91840K, reserved 1179648K
  class space    used 12572K, committed 12864K, reserved 1048576K
}
Event: 15458.286 GC heap after
{Heap after GC invocations=61 (full 1):
 garbage-first heap   total 126976K, used 41416K [0x0000000089c00000, 0x0000000100000000)
  region size 1024K, 6 young (6144K), 6 survivors (6144K)
 Metaspace       used 91125K, committed 91840K, reserved 1179648K
  class space    used 12572K, committed 12864K, reserved 1048576K
}
Event: 15463.142 GC heap before
{Heap before GC invocations=62 (full 1):
 garbage-first heap   total 126976K, used 94664K [0x0000000089c00000, 0x0000000100000000)
  region size 1024K, 57 young (58368K), 6 survivors (6144K)
 Metaspace       used 91936K, committed 92800K, reserved 1179648K
  class space    used 12659K, committed 13056K, reserved 1048576K
}
Event: 15463.156 GC heap after
{Heap after GC invocations=63 (full 1):
 garbage-first heap   total 152576K, used 43352K [0x0000000089c00000, 0x0000000100000000)
  region size 1024K, 5 young (5120K), 5 survivors (5120K)
 Metaspace       used 91936K, committed 92800K, reserved 1179648K
  class space    used 12659K, committed 13056K, reserved 1048576K
}
Event: 15463.163 GC heap before
{Heap before GC invocations=63 (full 1):
 garbage-first heap   total 152576K, used 43352K [0x0000000089c00000, 0x0000000100000000)
  region size 1024K, 6 young (6144K), 5 survivors (5120K)
 Metaspace       used 91939K, committed 92800K, reserved 1179648K
  class space    used 12660K, committed 13056K, reserved 1048576K
}
Event: 15463.261 GC heap after
{Heap after GC invocations=64 (full 2):
 garbage-first heap   total 137216K, used 38082K [0x0000000089c00000, 0x0000000100000000)
  region size 1024K, 0 young (0K), 0 survivors (0K)
 Metaspace       used 91805K, committed 92800K, reserved 1179648K
  class space    used 12627K, committed 13056K, reserved 1048576K
}
Event: 15465.568 GC heap before
{Heap before GC invocations=64 (full 2):
 garbage-first heap   total 137216K, used 96450K [0x0000000089c00000, 0x0000000100000000)
  region size 1024K, 58 young (59392K), 0 survivors (0K)
 Metaspace       used 92009K, committed 92928K, reserved 1179648K
  class space    used 12638K, committed 13056K, reserved 1048576K
}
Event: 15465.576 GC heap after
{Heap after GC invocations=65 (full 2):
 garbage-first heap   total 137216K, used 43464K [0x0000000089c00000, 0x0000000100000000)
  region size 1024K, 6 young (6144K), 6 survivors (6144K)
 Metaspace       used 92009K, committed 92928K, reserved 1179648K
  class space    used 12638K, committed 13056K, reserved 1048576K
}
Event: 15469.574 GC heap before
{Heap before GC invocations=66 (full 2):
 garbage-first heap   total 137216K, used 92616K [0x0000000089c00000, 0x0000000100000000)
  region size 1024K, 55 young (56320K), 6 survivors (6144K)
 Metaspace       used 92431K, committed 93312K, reserved 1179648K
  class space    used 12652K, committed 13056K, reserved 1048576K
}
Event: 15469.679 GC heap after
{Heap after GC invocations=67 (full 3):
 garbage-first heap   total 137216K, used 38467K [0x0000000089c00000, 0x0000000100000000)
  region size 1024K, 0 young (0K), 0 survivors (0K)
 Metaspace       used 92427K, committed 93312K, reserved 1179648K
  class space    used 12652K, committed 13056K, reserved 1048576K
}
Event: 15472.627 GC heap before
{Heap before GC invocations=67 (full 3):
 garbage-first heap   total 137216K, used 97859K [0x0000000089c00000, 0x0000000100000000)
  region size 1024K, 59 young (60416K), 0 survivors (0K)
 Metaspace       used 92606K, committed 93440K, reserved 1179648K
  class space    used 12665K, committed 13056K, reserved 1048576K
}
Event: 15472.633 GC heap after
{Heap after GC invocations=68 (full 3):
 garbage-first heap   total 137216K, used 43864K [0x0000000089c00000, 0x0000000100000000)
  region size 1024K, 6 young (6144K), 6 survivors (6144K)
 Metaspace       used 92606K, committed 93440K, reserved 1179648K
  class space    used 12665K, committed 13056K, reserved 1048576K
}
Event: 15477.005 GC heap before
{Heap before GC invocations=69 (full 3):
 garbage-first heap   total 137216K, used 93016K [0x0000000089c00000, 0x0000000100000000)
  region size 1024K, 54 young (55296K), 6 survivors (6144K)
 Metaspace       used 93057K, committed 93888K, reserved 1179648K
  class space    used 12683K, committed 13056K, reserved 1048576K
}

Dll operation events (10 events):
Event: 0.017 Loaded shared library C:\Users\MyBook Hype AMD\.vscode\extensions\redhat.java-1.54.0-win32-x64\jre\21.0.10-win32-x86_64\bin\java.dll
Event: 0.078 Loaded shared library C:\Users\MyBook Hype AMD\.vscode\extensions\redhat.java-1.54.0-win32-x64\jre\21.0.10-win32-x86_64\bin\zip.dll
Event: 0.338 Loaded shared library C:\Users\MyBook Hype AMD\.vscode\extensions\redhat.java-1.54.0-win32-x64\jre\21.0.10-win32-x86_64\bin\net.dll
Event: 0.343 Loaded shared library C:\Users\MyBook Hype AMD\.vscode\extensions\redhat.java-1.54.0-win32-x64\jre\21.0.10-win32-x86_64\bin\nio.dll
Event: 0.348 Loaded shared library C:\Users\MyBook Hype AMD\.vscode\extensions\redhat.java-1.54.0-win32-x64\jre\21.0.10-win32-x86_64\bin\zip.dll
Event: 0.731 Loaded shared library C:\Users\MyBook Hype AMD\.vscode\extensions\redhat.java-1.54.0-win32-x64\jre\21.0.10-win32-x86_64\bin\jimage.dll
Event: 2.260 Loaded shared library C:\Users\MyBook Hype AMD\.vscode\extensions\redhat.java-1.54.0-win32-x64\jre\21.0.10-win32-x86_64\bin\management.dll
Event: 2.265 Loaded shared library C:\Users\MyBook Hype AMD\.vscode\extensions\redhat.java-1.54.0-win32-x64\jre\21.0.10-win32-x86_64\bin\management_ext.dll
Event: 5.527 Loaded shared library C:\Users\MyBook Hype AMD\.vscode\extensions\redhat.java-1.54.0-win32-x64\jre\21.0.10-win32-x86_64\bin\sunmscapi.dll
Event: 18.031 Loaded shared library C:\Users\MyBook Hype AMD\.vscode\extensions\redhat.java-1.54.0-win32-x64\jre\21.0.10-win32-x86_64\bin\extnet.dll

Deoptimization events (20 events):
Event: 15468.517 Thread 0x000001ef85c12660 DEOPT PACKING pc=0x000001efa8930f35 sp=0x000000792c8feba0
Event: 15468.517 Thread 0x000001ef85c12660 DEOPT UNPACKING pc=0x000001efaf0a4bc2 sp=0x000000792c8fe068 mode 0
Event: 15472.062 Thread 0x000001ef878c90d0 Uncommon trap: trap_request=0xffffffc6 fr.pc=0x000001efaf9603a0 relative=0x00000000000009c0
Event: 15472.062 Thread 0x000001ef878c90d0 Uncommon trap: reason=bimorphic_or_optimized_type_check action=maybe_recompile pc=0x000001efaf9603a0 method=sun.security.provider.DigestBase.engineUpdate([BII)V @ 115 c2
Event: 15472.062 Thread 0x000001ef878c90d0 DEOPT PACKING pc=0x000001efaf9603a0 sp=0x000000792c8fea90
Event: 15472.062 Thread 0x000001ef878c90d0 DEOPT UNPACKING pc=0x000001efaf0a4422 sp=0x000000792c8fea78 mode 2
Event: 15472.438 Thread 0x000001ef878c90d0 DEOPT PACKING pc=0x000001efa7de243a sp=0x000000792c8fe740
Event: 15472.438 Thread 0x000001ef878c90d0 DEOPT UNPACKING pc=0x000001efaf0a4bc2 sp=0x000000792c8fdcb0 mode 0
Event: 15472.441 Thread 0x000001ef878c90d0 Uncommon trap: trap_request=0xffffff6e fr.pc=0x000001efaf8b177c relative=0x0000000000002bbc
Event: 15472.441 Thread 0x000001ef878c90d0 Uncommon trap: reason=loop_limit_check action=maybe_recompile pc=0x000001efaf8b177c method=java.util.jar.Manifest.read(Ljava/io/InputStream;Ljava/lang/String;)V @ 48 c2
Event: 15472.441 Thread 0x000001ef878c90d0 DEOPT PACKING pc=0x000001efaf8b177c sp=0x000000792c8fe7e0
Event: 15472.441 Thread 0x000001ef878c90d0 DEOPT UNPACKING pc=0x000001efaf0a4422 sp=0x000000792c8fe7c0 mode 2
Event: 15472.551 Thread 0x000001ef878c90d0 DEOPT PACKING pc=0x000001efa868f4d7 sp=0x000000792c8fd8b0
Event: 15472.551 Thread 0x000001ef878c90d0 DEOPT UNPACKING pc=0x000001efaf0a4bc2 sp=0x000000792c8fcdd0 mode 0
Event: 15473.543 Thread 0x000001ef878c90d0 Uncommon trap: trap_request=0xffffffde fr.pc=0x000001efafab4684 relative=0x0000000000000164
Event: 15473.543 Thread 0x000001ef878c90d0 Uncommon trap: reason=class_check action=maybe_recompile pc=0x000001efafab4684 method=java.lang.reflect.Array.newInstance(Ljava/lang/Class;I)Ljava/lang/Object; @ 2 c2
Event: 15473.543 Thread 0x000001ef878c90d0 DEOPT PACKING pc=0x000001efafab4684 sp=0x000000792c8fd6f0
Event: 15473.544 Thread 0x000001ef878c90d0 DEOPT UNPACKING pc=0x000001efaf0a4422 sp=0x000000792c8fd688 mode 2
Event: 15474.077 Thread 0x000001ef878c90d0 DEOPT PACKING pc=0x000001efa85bb553 sp=0x000000792c8f52a0
Event: 15474.077 Thread 0x000001ef878c90d0 DEOPT UNPACKING pc=0x000001efaf0a4bc2 sp=0x000000792c8f4700 mode 0

Classes loaded (20 events):
Event: 15179.119 Loading class java/lang/package-info
Event: 15179.119 Loading class java/lang/package-info done
Event: 15179.305 Loading class java/time/package-info
Event: 15179.305 Loading class java/time/package-info done
Event: 15179.420 Loading class java/util/stream/ReduceOps$4
Event: 15179.424 Loading class java/util/stream/ReduceOps$4 done
Event: 15179.425 Loading class java/util/stream/ReduceOps$4ReducingSink
Event: 15179.425 Loading class java/util/stream/ReduceOps$4ReducingSink done
Event: 15440.527 Loading class java/util/concurrent/locks/AbstractQueuedSynchronizer$SharedNode
Event: 15440.539 Loading class java/util/concurrent/locks/AbstractQueuedSynchronizer$SharedNode done
Event: 15442.094 Loading class java/util/WeakHashMap$KeyIterator
Event: 15442.105 Loading class java/util/WeakHashMap$KeyIterator done
Event: 15443.824 Loading class java/lang/ref/Finalizer$2
Event: 15443.827 Loading class java/lang/ref/Finalizer$2 done
Event: 15443.827 Loading class java/lang/ref/Finalizer$1
Event: 15443.846 Loading class java/lang/ref/Finalizer$1 done
Event: 15457.684 Loading class java/time/DurationEditor
Event: 15457.684 Loading class java/time/DurationEditor done
Event: 15474.577 Loading class java/lang/invoke/MethodHandleImpl$CountingWrapper$1
Event: 15474.581 Loading class java/lang/invoke/MethodHandleImpl$CountingWrapper$1 done

Classes unloaded (20 events):
Event: 15463.185 Thread 0x000001efbc1cfd40 Unloading class 0x000001efbe5c1c00 'java/lang/invoke/LambdaForm$MH+0x000001efbe5c1c00'
Event: 15463.185 Thread 0x000001efbc1cfd40 Unloading class 0x000001efbe5c1400 'java/lang/invoke/LambdaForm$MH+0x000001efbe5c1400'
Event: 15463.185 Thread 0x000001efbc1cfd40 Unloading class 0x000001efbe5c0800 'java/lang/invoke/LambdaForm$MH+0x000001efbe5c0800'
Event: 15463.185 Thread 0x000001efbc1cfd40 Unloading class 0x000001efbe5bc800 'java/lang/invoke/LambdaForm$MH+0x000001efbe5bc800'
Event: 15463.185 Thread 0x000001efbc1cfd40 Unloading class 0x000001efbec77400 'org/apache/catalina/loader/JdbcLeakPrevention'
Event: 15463.185 Thread 0x000001efbc1cfd40 Unloading class 0x000001efbe535000 'java/lang/invoke/LambdaForm$MH+0x000001efbe535000'
Event: 15463.185 Thread 0x000001efbc1cfd40 Unloading class 0x000001efbe511c00 'java/lang/invoke/LambdaForm$MH+0x000001efbe511c00'
Event: 15463.185 Thread 0x000001efbc1cfd40 Unloading class 0x000001efbe511400 'java/lang/invoke/LambdaForm$MH+0x000001efbe511400'
Event: 15463.185 Thread 0x000001efbc1cfd40 Unloading class 0x000001efbe50dc00 'java/lang/invoke/LambdaForm$MH+0x000001efbe50dc00'
Event: 15463.185 Thread 0x000001efbc1cfd40 Unloading class 0x000001efbe50d400 'java/lang/invoke/LambdaForm$MH+0x000001efbe50d400'
Event: 15463.185 Thread 0x000001efbc1cfd40 Unloading class 0x000001efbe50c800 'java/lang/invoke/LambdaForm$MH+0x000001efbe50c800'
Event: 15463.185 Thread 0x000001efbc1cfd40 Unloading class 0x000001efbe50c400 'java/lang/invoke/LambdaForm$MH+0x000001efbe50c400'
Event: 15463.185 Thread 0x000001efbc1cfd40 Unloading class 0x000001efbe4f8c00 'java/lang/invoke/LambdaForm$MH+0x000001efbe4f8c00'
Event: 15463.185 Thread 0x000001efbc1cfd40 Unloading class 0x000001efbe4e8400 'java/lang/invoke/LambdaForm$MH+0x000001efbe4e8400'
Event: 15463.185 Thread 0x000001efbc1cfd40 Unloading class 0x000001efbe4d5800 'java/lang/invoke/LambdaForm$MH+0x000001efbe4d5800'
Event: 15463.185 Thread 0x000001efbc1cfd40 Unloading class 0x000001efbe4c9400 'java/lang/invoke/LambdaForm$MH+0x000001efbe4c9400'
Event: 15463.185 Thread 0x000001efbc1cfd40 Unloading class 0x000001efbe4c8400 'java/lang/invoke/LambdaForm$MH+0x000001efbe4c8400'
Event: 15463.185 Thread 0x000001efbc1cfd40 Unloading class 0x000001efbe131400 'java/lang/invoke/LambdaForm$MH+0x000001efbe131400'
Event: 15463.185 Thread 0x000001efbc1cfd40 Unloading class 0x000001efbe008800 'java/lang/invoke/LambdaForm$MH+0x000001efbe008800'
Event: 15469.607 Thread 0x000001efbc1cfd40 Unloading class 0x000001efbecb4000 'org/apache/catalina/loader/JdbcLeakPrevention'

Classes redefined (0 events):
No events

Internal exceptions (20 events):
Event: 15456.725 Thread 0x000001ef878ca480 Exception <a 'java/lang/NoSuchMethodError'{0x000000008e82d7c0}: 'void java.lang.invoke.DelegatingMethodHandle$Holder.reinvoke_L(java.lang.Object, java.lang.Object, int)'> (0x000000008e82d7c0) 
thrown [s\src\hotspot\share\interpreter\linkResolver.cpp, line 773]
Event: 15458.014 Thread 0x000001ef878ca480 Exception <a 'sun/nio/fs/WindowsException'{0x000000008ddff7a8}> (0x000000008ddff7a8) 
thrown [s\src\hotspot\share\prims\jni.cpp, line 520]
Event: 15458.016 Thread 0x000001ef878ca480 Exception <a 'sun/nio/fs/WindowsException'{0x000000008dc000d0}> (0x000000008dc000d0) 
thrown [s\src\hotspot\share\prims\jni.cpp, line 520]
Event: 15458.030 Thread 0x000001ef878ca480 Exception <a 'java/lang/NoSuchMethodError'{0x000000008dc041d0}: 'int java.lang.invoke.DelegatingMethodHandle$Holder.reinvoke_L(java.lang.Object, java.lang.Object, java.lang.Object, java.lang.Object)'> (0x000000008dc041d0) 
thrown [s\src\hotspot\share\interpreter\linkResolver.cpp, line 773]
Event: 15458.079 Thread 0x000001ef878ca480 Exception <a 'java/io/FileNotFoundException'{0x000000008dc817c0}> (0x000000008dc817c0) 
thrown [s\src\hotspot\share\prims\jni.cpp, line 520]
Event: 15458.421 Thread 0x000001ef878ca480 Exception <a 'java/io/FileNotFoundException'{0x0000000091556db0}> (0x0000000091556db0) 
thrown [s\src\hotspot\share\prims\jni.cpp, line 520]
Event: 15459.710 Thread 0x000001ef878ca480 Implicit null exception at 0x000001efaf862a1b to 0x000001efaf863628
Event: 15461.953 Thread 0x000001ef878ca480 Exception <a 'java/lang/NoClassDefFoundError'{0x000000008e891630}: org/springframework/data/util/TypeInformation> (0x000000008e891630) 
thrown [s\src\hotspot\share\classfile\systemDictionary.cpp, line 301]
Event: 15463.162 Thread 0x000001ef878c7000 Exception <a 'java/lang/InterruptedException'{0x0000000092f34e68}: sleep interrupted> (0x0000000092f34e68) 
thrown [s\src\hotspot\share\prims\jvm.cpp, line 3087]
Event: 15463.321 Thread 0x000001ef85c12660 Exception <a 'sun/nio/fs/WindowsException'{0x00000000921ad6f0}> (0x00000000921ad6f0) 
thrown [s\src\hotspot\share\prims\jni.cpp, line 520]
Event: 15465.405 Thread 0x000001ef85c12660 Exception <a 'java/io/FileNotFoundException'{0x000000008ea0d5d0}> (0x000000008ea0d5d0) 
thrown [s\src\hotspot\share\prims\jni.cpp, line 520]
Event: 15465.731 Thread 0x000001ef85c12660 Exception <a 'java/io/FileNotFoundException'{0x0000000092048ae0}> (0x0000000092048ae0) 
thrown [s\src\hotspot\share\prims\jni.cpp, line 520]
Event: 15466.715 Thread 0x000001ef85c12660 Implicit null exception at 0x000001efaf859937 to 0x000001efaf85a3e0
Event: 15468.423 Thread 0x000001ef85c12660 Exception <a 'java/lang/NoClassDefFoundError'{0x000000008f9ead40}: org/springframework/data/util/TypeInformation> (0x000000008f9ead40) 
thrown [s\src\hotspot\share\classfile\systemDictionary.cpp, line 301]
Event: 15469.573 Thread 0x000001ef85c11fd0 Exception <a 'java/lang/InterruptedException'{0x000000008f158578}: sleep interrupted> (0x000000008f158578) 
thrown [s\src\hotspot\share\prims\jvm.cpp, line 3087]
Event: 15469.727 Thread 0x000001ef878c90d0 Exception <a 'sun/nio/fs/WindowsException'{0x0000000092038230}> (0x0000000092038230) 
thrown [s\src\hotspot\share\prims\jni.cpp, line 520]
Event: 15472.504 Thread 0x000001ef878c90d0 Exception <a 'java/io/FileNotFoundException'{0x000000008eac32f0}> (0x000000008eac32f0) 
thrown [s\src\hotspot\share\prims\jni.cpp, line 520]
Event: 15472.763 Thread 0x000001ef878c90d0 Exception <a 'java/io/FileNotFoundException'{0x0000000092048630}> (0x0000000092048630) 
thrown [s\src\hotspot\share\prims\jni.cpp, line 520]
Event: 15475.706 Thread 0x000001ef878c90d0 Exception <a 'java/lang/NoClassDefFoundError'{0x000000008f9fb7b0}: org/springframework/data/util/TypeInformation> (0x000000008f9fb7b0) 
thrown [s\src\hotspot\share\classfile\systemDictionary.cpp, line 301]
Event: 15477.004 Thread 0x000001ef878ccbe0 Exception <a 'java/lang/InterruptedException'{0x000000008f2b5c98}: sleep interrupted> (0x000000008f2b5c98) 
thrown [s\src\hotspot\share\prims\jvm.cpp, line 3087]

ZGC Phase Switch (0 events):
No events

VM Operations (20 events):
Event: 15469.679 Executing safepoint VM operation: G1CollectFull (System.gc()) done
Event: 15470.686 Executing safepoint VM operation: Cleanup
Event: 15470.702 Executing safepoint VM operation: Cleanup done
Event: 15471.709 Executing safepoint VM operation: Cleanup
Event: 15471.710 Executing safepoint VM operation: Cleanup done
Event: 15472.626 Executing safepoint VM operation: G1TryInitiateConcMark (G1 Humongous Allocation)
Event: 15472.633 Executing safepoint VM operation: G1TryInitiateConcMark (G1 Humongous Allocation) done
Event: 15472.678 Executing safepoint VM operation: G1PauseRemark
Event: 15472.688 Executing safepoint VM operation: G1PauseRemark done
Event: 15472.698 Executing safepoint VM operation: G1PauseCleanup
Event: 15472.699 Executing safepoint VM operation: G1PauseCleanup done
Event: 15473.709 Executing safepoint VM operation: Cleanup
Event: 15473.740 Executing safepoint VM operation: Cleanup done
Event: 15474.745 Executing safepoint VM operation: Cleanup
Event: 15474.761 Executing safepoint VM operation: Cleanup done
Event: 15475.771 Executing safepoint VM operation: Cleanup
Event: 15475.832 Executing safepoint VM operation: Cleanup done
Event: 15476.841 Executing safepoint VM operation: Cleanup
Event: 15476.841 Executing safepoint VM operation: Cleanup done
Event: 15477.005 Executing safepoint VM operation: G1CollectFull (System.gc())

Memory protections (0 events):
No events

Nmethod flushes (20 events):
Event: 15472.687 Thread 0x000001efbc1cfd40 flushing  nmethod 0x000001efa8645290
Event: 15472.687 Thread 0x000001efbc1cfd40 flushing  nmethod 0x000001efa8645690
Event: 15472.687 Thread 0x000001efbc1cfd40 flushing  nmethod 0x000001efa86bde90
Event: 15472.687 Thread 0x000001efbc1cfd40 flushing  nmethod 0x000001efa86c6b90
Event: 15472.687 Thread 0x000001efbc1cfd40 flushing  nmethod 0x000001efa86c8e90
Event: 15472.687 Thread 0x000001efbc1cfd40 flushing  nmethod 0x000001efa86cab10
Event: 15472.687 Thread 0x000001efbc1cfd40 flushing  nmethod 0x000001efa872b090
Event: 15472.687 Thread 0x000001efbc1cfd40 flushing  nmethod 0x000001efa872bb10
Event: 15472.687 Thread 0x000001efbc1cfd40 flushing  nmethod 0x000001efa87a3410
Event: 15472.687 Thread 0x000001efbc1cfd40 flushing  nmethod 0x000001efa87f9990
Event: 15472.687 Thread 0x000001efbc1cfd40 flushing  nmethod 0x000001efa87fbc10
Event: 15472.687 Thread 0x000001efbc1cfd40 flushing  nmethod 0x000001efa87fe910
Event: 15472.687 Thread 0x000001efbc1cfd40 flushing  nmethod 0x000001efa881be90
Event: 15472.687 Thread 0x000001efbc1cfd40 flushing  nmethod 0x000001efa881ca90
Event: 15472.687 Thread 0x000001efbc1cfd40 flushing  nmethod 0x000001efa881db10
Event: 15472.687 Thread 0x000001efbc1cfd40 flushing  nmethod 0x000001efa8875090
Event: 15472.687 Thread 0x000001efbc1cfd40 flushing  nmethod 0x000001efa8879a10
Event: 15472.687 Thread 0x000001efbc1cfd40 flushing  nmethod 0x000001efa88ef710
Event: 15472.687 Thread 0x000001efbc1cfd40 flushing  nmethod 0x000001efa88f2390
Event: 15472.687 Thread 0x000001efbc1cfd40 flushing  nmethod 0x000001efa88f3590

Events (20 events):
Event: 15476.562 Thread 0x000001efff64ce30 Thread added: 0x000001efff64ef00
Event: 15476.882 Thread 0x000001efff64db50 Thread exited: 0x000001efff64db50
Event: 15476.886 Thread 0x000001efff64ef00 Thread exited: 0x000001efff64ef00
Event: 15476.887 Thread 0x000001efff64d4c0 Thread exited: 0x000001efff64d4c0
Event: 15476.887 Thread 0x000001ef867bbf30 Thread exited: 0x000001ef867bbf30
Event: 15476.888 Thread 0x000001efff64c110 Thread exited: 0x000001efff64c110
Event: 15476.888 Thread 0x000001ef867bb8a0 Thread exited: 0x000001ef867bb8a0
Event: 15476.888 Thread 0x000001ef867bc5c0 Thread exited: 0x000001ef867bc5c0
Event: 15476.888 Thread 0x000001ef867ba4f0 Thread exited: 0x000001ef867ba4f0
Event: 15476.888 Thread 0x000001ef867b9e60 Thread exited: 0x000001ef867b9e60
Event: 15476.888 Thread 0x000001ef867bcc50 Thread exited: 0x000001ef867bcc50
Event: 15476.888 Thread 0x000001ef867bb210 Thread exited: 0x000001ef867bb210
Event: 15476.888 Thread 0x000001ef867bab80 Thread exited: 0x000001ef867bab80
Event: 15476.888 Thread 0x000001ef878ce620 Thread exited: 0x000001ef878ce620
Event: 15476.891 Thread 0x000001ef878cd270 Thread exited: 0x000001ef878cd270
Event: 15476.899 Thread 0x000001efff64ce30 Thread added: 0x000001efff64f590
Event: 15476.926 Thread 0x000001ef878cc550 Thread exited: 0x000001ef878cc550
Event: 15476.927 Thread 0x000001ef878cb830 Thread exited: 0x000001ef878cb830
Event: 15476.993 Thread 0x000001efff64f590 Thread exited: 0x000001efff64f590
Event: 15477.004 Thread 0x000001ef878ccbe0 Thread exited: 0x000001ef878ccbe0


Dynamic libraries:
0x00007ff696ed0000 - 0x00007ff696ede000 	C:\Users\MyBook Hype AMD\.vscode\extensions\redhat.java-1.54.0-win32-x64\jre\21.0.10-win32-x86_64\bin\java.exe
0x00007fff711e0000 - 0x00007fff71448000 	C:\WINDOWS\SYSTEM32\ntdll.dll
0x00007fff6fa30000 - 0x00007fff6faf9000 	C:\WINDOWS\System32\KERNEL32.DLL
0x00007fff6e620000 - 0x00007fff6ea11000 	C:\WINDOWS\System32\KERNELBASE.dll
0x00007fff6eab0000 - 0x00007fff6ebfb000 	C:\WINDOWS\System32\ucrtbase.dll
0x00007fff67d20000 - 0x00007fff67d38000 	C:\Users\MyBook Hype AMD\.vscode\extensions\redhat.java-1.54.0-win32-x64\jre\21.0.10-win32-x86_64\bin\jli.dll
0x00007fff708a0000 - 0x00007fff70a66000 	C:\WINDOWS\System32\USER32.dll
0x00007fff6ef50000 - 0x00007fff6ef77000 	C:\WINDOWS\System32\win32u.dll
0x00007fff70c50000 - 0x00007fff70c7b000 	C:\WINDOWS\System32\GDI32.dll
0x00007fff6ee20000 - 0x00007fff6ef4b000 	C:\WINDOWS\System32\gdi32full.dll
0x00007fff6ecb0000 - 0x00007fff6ed53000 	C:\WINDOWS\System32\msvcp_win.dll
0x00007fff577d0000 - 0x00007fff577ee000 	C:\Users\MyBook Hype AMD\.vscode\extensions\redhat.java-1.54.0-win32-x64\jre\21.0.10-win32-x86_64\bin\VCRUNTIME140.dll
0x00007fff5be90000 - 0x00007fff5c123000 	C:\WINDOWS\WinSxS\amd64_microsoft.windows.common-controls_6595b64144ccf1df_6.0.26100.7824_none_3e0870b2e3345462\COMCTL32.dll
0x00007fff702e0000 - 0x00007fff70389000 	C:\WINDOWS\System32\msvcrt.dll
0x00007fff70390000 - 0x00007fff703c1000 	C:\WINDOWS\System32\IMM32.DLL
0x00007fff681a0000 - 0x00007fff681ac000 	C:\Users\MyBook Hype AMD\.vscode\extensions\redhat.java-1.54.0-win32-x64\jre\21.0.10-win32-x86_64\bin\vcruntime140_1.dll
0x00007fff54190000 - 0x00007fff5421d000 	C:\Users\MyBook Hype AMD\.vscode\extensions\redhat.java-1.54.0-win32-x64\jre\21.0.10-win32-x86_64\bin\msvcp140.dll
0x00007ffef1db0000 - 0x00007ffef2b51000 	C:\Users\MyBook Hype AMD\.vscode\extensions\redhat.java-1.54.0-win32-x64\jre\21.0.10-win32-x86_64\bin\server\jvm.dll
0x00007fff6f500000 - 0x00007fff6f5b4000 	C:\WINDOWS\System32\ADVAPI32.dll
0x00007fff6f610000 - 0x00007fff6f6b6000 	C:\WINDOWS\System32\sechost.dll
0x00007fff6f6c0000 - 0x00007fff6f7d8000 	C:\WINDOWS\System32\RPCRT4.dll
0x00007fff6f480000 - 0x00007fff6f4f4000 	C:\WINDOWS\System32\WS2_32.dll
0x00007fff6d920000 - 0x00007fff6d97e000 	C:\WINDOWS\SYSTEM32\POWRPROF.dll
0x00007fff667b0000 - 0x00007fff667e5000 	C:\WINDOWS\SYSTEM32\WINMM.dll
0x00007fff67960000 - 0x00007fff6796b000 	C:\WINDOWS\SYSTEM32\VERSION.dll
0x00007fff6d900000 - 0x00007fff6d914000 	C:\WINDOWS\SYSTEM32\UMPDC.dll
0x00007fff6c820000 - 0x00007fff6c83b000 	C:\WINDOWS\SYSTEM32\kernel.appcore.dll
0x00007fff66e60000 - 0x00007fff66e6a000 	C:\Users\MyBook Hype AMD\.vscode\extensions\redhat.java-1.54.0-win32-x64\jre\21.0.10-win32-x86_64\bin\jimage.dll
0x00007fff63ac0000 - 0x00007fff63d02000 	C:\WINDOWS\SYSTEM32\DBGHELP.DLL
0x00007fff6ef80000 - 0x00007fff6f306000 	C:\WINDOWS\System32\combase.dll
0x00007fff70530000 - 0x00007fff70607000 	C:\WINDOWS\System32\OLEAUT32.dll
0x00007fff5be50000 - 0x00007fff5be8b000 	C:\WINDOWS\SYSTEM32\dbgcore.DLL
0x00007fff6ec00000 - 0x00007fff6eca5000 	C:\WINDOWS\System32\bcryptPrimitives.dll
0x00007fff564f0000 - 0x00007fff56510000 	C:\Users\MyBook Hype AMD\.vscode\extensions\redhat.java-1.54.0-win32-x64\jre\21.0.10-win32-x86_64\bin\java.dll
0x00007fff6fb00000 - 0x00007fff70252000 	C:\WINDOWS\System32\SHELL32.dll
0x00007fff6e330000 - 0x00007fff6e49a000 	C:\WINDOWS\System32\wintypes.dll
0x00007fff6dac0000 - 0x00007fff6e323000 	C:\WINDOWS\System32\windows.storage.dll
0x00007fff6f7e0000 - 0x00007fff6f8d6000 	C:\WINDOWS\System32\SHCORE.dll
0x00007fff70830000 - 0x00007fff70897000 	C:\WINDOWS\System32\shlwapi.dll
0x00007fff6d9e0000 - 0x00007fff6da09000 	C:\WINDOWS\SYSTEM32\profapi.dll
0x00007fff55040000 - 0x00007fff55058000 	C:\Users\MyBook Hype AMD\.vscode\extensions\redhat.java-1.54.0-win32-x64\jre\21.0.10-win32-x86_64\bin\zip.dll
0x00007fff56840000 - 0x00007fff56850000 	C:\Users\MyBook Hype AMD\.vscode\extensions\redhat.java-1.54.0-win32-x64\jre\21.0.10-win32-x86_64\bin\net.dll
0x00007fff672c0000 - 0x00007fff673e7000 	C:\WINDOWS\SYSTEM32\WINHTTP.dll
0x00007fff6cd70000 - 0x00007fff6cddb000 	C:\WINDOWS\system32\mswsock.dll
0x00007fff54170000 - 0x00007fff54186000 	C:\Users\MyBook Hype AMD\.vscode\extensions\redhat.java-1.54.0-win32-x64\jre\21.0.10-win32-x86_64\bin\nio.dll
0x00007fff5ae80000 - 0x00007fff5ae8a000 	C:\Users\MyBook Hype AMD\.vscode\extensions\redhat.java-1.54.0-win32-x64\jre\21.0.10-win32-x86_64\bin\management.dll
0x00007fff54160000 - 0x00007fff5416c000 	C:\Users\MyBook Hype AMD\.vscode\extensions\redhat.java-1.54.0-win32-x64\jre\21.0.10-win32-x86_64\bin\management_ext.dll
0x00007fff704f0000 - 0x00007fff704f8000 	C:\WINDOWS\System32\PSAPI.DLL
0x00007fff6c220000 - 0x00007fff6c254000 	C:\WINDOWS\SYSTEM32\IPHLPAPI.DLL
0x00007fff70820000 - 0x00007fff7082a000 	C:\WINDOWS\System32\NSI.dll
0x00007fff6c260000 - 0x00007fff6c38c000 	C:\WINDOWS\SYSTEM32\DNSAPI.dll
0x00007fff634f0000 - 0x00007fff634fb000 	C:\Windows\System32\rasadhlp.dll
0x00007fff646e0000 - 0x00007fff64766000 	C:\WINDOWS\System32\fwpuclnt.dll
0x00007fff540c0000 - 0x00007fff540ce000 	C:\Users\MyBook Hype AMD\.vscode\extensions\redhat.java-1.54.0-win32-x64\jre\21.0.10-win32-x86_64\bin\sunmscapi.dll
0x00007fff6e4a0000 - 0x00007fff6e617000 	C:\WINDOWS\System32\CRYPT32.dll
0x00007fff6d2c0000 - 0x00007fff6d2f0000 	C:\WINDOWS\SYSTEM32\ncrypt.dll
0x00007fff6d270000 - 0x00007fff6d2af000 	C:\WINDOWS\SYSTEM32\NTASN1.dll
0x00007fff6d160000 - 0x00007fff6d17b000 	C:\WINDOWS\SYSTEM32\CRYPTSP.dll
0x00007fff6c780000 - 0x00007fff6c7b9000 	C:\WINDOWS\system32\rsaenh.dll
0x00007fff6ce20000 - 0x00007fff6ce4b000 	C:\WINDOWS\SYSTEM32\USERENV.dll
0x00007fff6d9b0000 - 0x00007fff6d9da000 	C:\WINDOWS\SYSTEM32\bcrypt.dll
0x00007fff6cfc0000 - 0x00007fff6cfcc000 	C:\WINDOWS\SYSTEM32\CRYPTBASE.dll
0x00007fff4ec90000 - 0x00007fff4ec99000 	C:\Users\MyBook Hype AMD\.vscode\extensions\redhat.java-1.54.0-win32-x64\jre\21.0.10-win32-x86_64\bin\extnet.dll
0x00007fff21120000 - 0x00007fff21128000 	C:\WINDOWS\system32\wshunix.dll

JVMTI agents: none

dbghelp: loaded successfully - version: 4.0.5 - missing functions: none
symbol engine: initialized successfully - sym options: 0x614 - pdb path: .;C:\Users\MyBook Hype AMD\.vscode\extensions\redhat.java-1.54.0-win32-x64\jre\21.0.10-win32-x86_64\bin;C:\WINDOWS\SYSTEM32;C:\WINDOWS\WinSxS\amd64_microsoft.windows.common-controls_6595b64144ccf1df_6.0.26100.7824_none_3e0870b2e3345462;C:\Users\MyBook Hype AMD\.vscode\extensions\redhat.java-1.54.0-win32-x64\jre\21.0.10-win32-x86_64\bin\server

VM Arguments:
jvm_args: -XX:+ShowCodeDetailsInExceptionMessages 
java_command: com.example.students_service.StudentsServiceApplication
java_class_path (initial): E:\java lanjutan\SchoolSync\students_service\target\classes;C:\Users\MyBook Hype AMD\.m2\repository\org\springframework\boot\spring-boot-starter-data-jpa\4.0.6\spring-boot-starter-data-jpa-4.0.6.jar;C:\Users\MyBook Hype AMD\.m2\repository\org\springframework\boot\spring-boot-starter\4.0.6\spring-boot-starter-4.0.6.jar;C:\Users\MyBook Hype AMD\.m2\repository\org\springframework\boot\spring-boot-starter-logging\4.0.6\spring-boot-starter-logging-4.0.6.jar;C:\Users\MyBook Hype AMD\.m2\repository\ch\qos\logback\logback-classic\1.5.32\logback-classic-1.5.32.jar;C:\Users\MyBook Hype AMD\.m2\repository\ch\qos\logback\logback-core\1.5.32\logback-core-1.5.32.jar;C:\Users\MyBook Hype AMD\.m2\repository\org\apache\logging\log4j\log4j-to-slf4j\2.25.4\log4j-to-slf4j-2.25.4.jar;C:\Users\MyBook Hype AMD\.m2\repository\org\apache\logging\log4j\log4j-api\2.25.4\log4j-api-2.25.4.jar;C:\Users\MyBook Hype AMD\.m2\repository\org\slf4j\jul-to-slf4j\2.0.17\jul-to-slf4j-2.0.17.jar;C:\Users\MyBook Hype AMD\.m2\repository\jakarta\annotation\jakarta.annotation-api\3.0.0\jakarta.annotation-api-3.0.0.jar;C:\Users\MyBook Hype AMD\.m2\repository\org\yaml\snakeyaml\2.5\snakeyaml-2.5.jar;C:\Users\MyBook Hype AMD\.m2\repository\org\springframework\boot\spring-boot-starter-jdbc\4.0.6\spring-boot-starter-jdbc-4.0.6.jar;C:\Users\MyBook Hype AMD\.m2\repository\com\zaxxer\HikariCP\7.0.2\HikariCP-7.0.2.jar;C:\Users\MyBook Hype AMD\.m2\repository\org\springframework\boot\spring-boot-data-jpa\4.0.6\spring-boot-data-jpa-4.0.6.jar;C:\Users\MyBook Hype AMD\.m2\repository\org\springframework\boot\spring-boot-data-commons\4.0.6\spring-boot-data-commons-4.0.6.jar;C:\Users\MyBook Hype AMD\.m2\repository\org\springframework\boot\spring-boot-persistence\4.0.6\spring-boot-persistence-4.0.6.jar;C:\Users\MyBook Hype AMD\.m2\repository\org\springframework\data\spring-data-commons\4.0.5\spring-data-commons-4.0.5.jar;C:\Users\MyBook Hype AMD\.m2\repository\org\springframework\boot\spring-boot-hibernate\4.0.6\spring-boot-hibernate-4.0.6.jar;C:\Users\MyBook Hype AMD\.m2\repository\org\springframework\boot\spring-boot-jpa\4.0.6\spring-boot-jpa-4.0.6.jar;C:\Users\MyBook Hype AMD\.m2\repository\jakarta\persistence\jakarta.persistence-api\3.2.0\jakarta.persistence-api-3.2.0.jar;C:\Users\MyBook Hype AMD\.m2\repository\org\hibernate\orm\hibernate-core\7.2.12.Final\hibernate-core-7.2.12.Final.jar;C:\Users\MyBook Hype AMD\.m2\repository\jakarta\transaction\jakarta.transaction-api\2.0.1\jakarta.transaction-api-2.0.1.jar;C:\Users\MyBook Hype AMD\.m2\repository\org\hibernate\models\hibernate-models\1.0.1\hibernate-models-1.0.1.jar;C:\Users\MyBook Hype AMD\.m2\repository\org\glassfish\jaxb\jaxb-runtime\4.0.6\jaxb-runtime-4.0.6.jar;C:\Users\MyBook Hype AMD\.m2\repository\org\glassfish\jaxb\jaxb-core\4.0.6\jaxb-core-4.0.6.jar;C:\Users\MyBook Hype AMD\.m2\repository\org\eclipse\angus\angus-activation\2.0.3\angus-activation-2.0.3.jar;C:\Users\MyBook Hype AMD\.m2\repository\org\glassfish\jaxb\txw2\4.0.6\txw2-4.0.6.jar;C:\Users\MyBook Hype AMD\.m2\repository\com\sun\istack\istack-commons-runtime\4.1.2\istack-commons-runtime-4.1.2.jar;C:\Users\MyBook Hype AMD\.m2\repository\jakarta\inject\jakarta.inject-api\2.0.1\jakarta.inject-api-2.0.1.jar;C:\Users\MyBook Hype AMD\.m2\repository\org\springframework\spring-orm\7.0.7\spring-orm-7.0.7.jar;C:\Users\MyBook Hype AMD\.m2\repository\org\springframework\data\spring-data-jpa\4.0.5\spring-data-jpa-4.0.5.jar;C:\Users\MyBook Hype AMD\.m2\repository\org\springframework\spring-tx\7.0.7\spring-tx-7.0.7.jar;C:\Users\MyBook Hype AMD\.m2\repository\org\antlr\antlr4-runtime\4.13.2\antlr4-runtime-4.13.2.jar;C:\Users\MyBook Hype AMD\.m2\repository\org\springframework\spring-aspects\7.0.7\spring-aspects-7.0.7.jar;C:\Users\MyBook Hype AMD\.m2\repository\org\aspectj\aspectjweaver\1.9.25.1\aspectjweaver-1.9.25.1.jar;C:\Users\MyBook Hype AMD\.m2\repository\org\springframework\boot\spring-boot-jdbc\4.0.6\spring-boot-jdbc-4.0.6.jar;C:\Users\MyBook Hype AMD\.m2\repository\org\springframework\boot\spring-boot-sql\4.0.6\spring-boot-sql-4.0.6.jar;C:\Users\MyBook Hype AMD\.m2\repository\org\springframework\boot\spring-boot-transaction\4.0.6\spring-boot-transaction-4.0.6.jar;C:\Users\MyBook Hype AMD\.m2\repository\org\springframework\spring-jdbc\7.0.7\spring-jdbc-7.0.7.jar;C:\Users\MyBook Hype AMD\.m2\repository\org\springframework\boot\spring-boot-starter-restclient\4.0.6\spring-boot-starter-restclient-4.0.6.jar;C:\Users\MyBook Hype AMD\.m2\repository\org\springframework\boot\spring-boot-starter-jackson\4.0.6\spring-boot-starter-jackson-4.0.6.jar;C:\Users\MyBook Hype AMD\.m2\repository\org\springframework\boot\spring-boot-jackson\4.0.6\spring-boot-jackson-4.0.6.jar;C:\Users\MyBook Hype AMD\.m2\repository\tools\jackson\core\jackson-databind\3.1.2\jackson-databind-3.1.2.jar;C:\Users\MyBook Hype AMD\.m2\repository\com\fasterxml\jackson\core\jackson-annotations\2.21\jackson-annotations-2.21.jar;C:\Users\MyBook Hype AMD\.m2\repository\tools\jackson\core\jackson-core\3.1.2\jackson-core-3.1.2.jar;C:\Users\MyBook Hype AMD\.m2\repository\org\springframework\boot\spring-boot-restclient\4.0.6\spring-boot-restclient-4.0.6.jar;C:\Users\MyBook Hype AMD\.m2\repository\org\springframework\boot\spring-boot-http-client\4.0.6\spring-boot-http-client-4.0.6.jar;C:\Users\MyBook Hype AMD\.m2\repository\org\springframework\boot\spring-boot-starter-security\4.0.6\spring-boot-starter-security-4.0.6.jar;C:\Users\MyBook Hype AMD\.m2\repository\org\springframework\boot\spring-boot-security\4.0.6\spring-boot-security-4.0.6.jar;C:\Users\MyBook Hype AMD\.m2\repository\org\springframework\security\spring-security-config\7.0.5\spring-security-config-7.0.5.jar;C:\Users\MyBook Hype AMD\.m2\repository\org\springframework\security\spring-security-core\7.0.5\spring-security-core-7.0.5.jar;C:\Users\MyBook Hype AMD\.m2\repository\org\springframework\security\spring-security-web\7.0.5\spring-security-web-7.0.5.jar;C:\Users\MyBook Hype AMD\.m2\repository\org\springframework\spring-expression\7.0.7\spring-expression-7.0.7.jar;C:\Users\MyBook Hype AMD\.m2\repository\org\springframework\spring-aop\7.0.7\spring-aop-7.0.7.jar;C:\Users\MyBook Hype AMD\.m2\repository\org\springframework\spring-beans\7.0.7\spring-beans-7.0.7.jar;C:\Users\MyBook Hype AMD\.m2\repository\org\springframework\spring-core\7.0.7\spring-core-7.0.7.jar;C:\Users\MyBook Hype AMD\.m2\repository\commons-logging\commons-logging\1.3.6\commons-logging-1.3.6.jar;C:\Users\MyBook Hype AMD\.m2\repository\org\springframework\boot\spring-boot-starter-validation\4.0.6\spring-boot-starter-validation-4.0.6.jar;C:\Users\MyBook Hype AMD\.m2\repository\org\springframework\boot\spring-boot-validation\4.0.6\spring-boot-validation-4.0.6.jar;C:\Users\MyBook Hype AMD\.m2\repository\org\apache\tomcat\embed\tomcat-embed-el\11.0.21\tomcat-embed-el-11.0.21.jar;C:\Users\MyBook Hype AMD\.m2\repository\org\hibernate\validator\hibernate-validator\9.0.1.Final\hibernate-validator-9.0.1.Final.jar;C:\Users\MyBook Hype AMD\.m2\repository\jakarta\validation\jakarta.validation-api\3.1.1\jakarta.validation-api-3.1.1.jar;C:\Users\MyBook Hype AMD\.m2\repository\org\jboss\logging\jboss-logging\3.6.3.Final\jboss-logging-3.6.3.Final.jar;C:\Users\MyBook Hype AMD\.m2\repository\com\fasterxml\classmate\1.7.3\classmate-1.7.3.jar;C:\Users\MyBook Hype AMD\.m2\repository\org\springframework\boot\spring-boot-starter-webclient\4.0.6\spring-boot-starter-webclient-4.0.6.jar;C:\Users\MyBook Hype AMD\.m2\repository\org\springframework\boot\spring-boot-reactor\4.0.6\spring-boot-reactor-4.0.6.jar;C:\Users\MyBook Hype AMD\.m2\repository\io\projectreactor\reactor-core\3.8.5\reactor-core-3.8.5.jar;C:\Users\MyBook Hype AMD\.m2\repository\org\reactivestreams\reactive-streams\1.0.4\reactive-streams-1.0.4.jar;C:\Users\MyBook Hype AMD\.m2\repository\org\springframework\boot\spring-boot-webclient\4.0.6\spring-boot-webclient-4.0.6.jar;C:\Users\MyBook Hype AMD\.m2\repository\org\springframework\spring-webflux\7.0.7\spring-webflux-7.0.7.jar;C:\Users\MyBook Hype AMD\.m2\repository\org\springframework\boot\spring-boot-http-codec\4.0.6\spring-boot-http-codec-4.0.6.jar;C:\Users\MyBook Hype AMD\.m2\repository\io\projectreactor\netty\reactor-netty-http\1.3.5\reactor-netty-http-1.3.5.jar;C:\Users\MyBook Hype AMD\.m2\repository\io\netty\netty-codec-http\4.2.12.Final\netty-codec-http-4.2.12.Final.jar;C:\Users\MyBook Hype AMD\.m2\repository\io\netty\netty-common\4.2.12.Final\netty-common-4.2.12.Final.jar;C:\Users\MyBook Hype AMD\.m2\repository\io\netty\netty-buffer\4.2.12.Final\netty-buffer-4.2.12.Final.jar;C:\Users\MyBook Hype AMD\.m2\repository\io\netty\netty-transport\4.2.12.Final\netty-transport-4.2.12.Final.jar;C:\Users\MyBook Hype AMD\.m2\repository\io\netty\netty-codec-base\4.2.12.Final\netty-codec-base-4.2.12.Final.jar;C:\Users\MyBook Hype AMD\.m2\repository\io\netty\netty-codec-compression\4.2.12.Final\netty-codec-compression-4.2.12.Final.jar;C:\Users\MyBook Hype AMD\.m2\repository\io\netty\netty-handler\4.2.12.Final\netty-handler-4.2.12.Final.jar;C:\Users\MyBook Hype AMD\.m2\repository\io\netty\netty-codec-http2\4.2.12.Final\netty-codec-http2-4.2.12.Final.jar;C:\Users\MyBook Hype AMD\.m2\repository\io\netty\netty-codec-http3\4.2.12.Final\netty-codec-http3-4.2.12.Final.jar;C:\Users\MyBook Hype AMD\.m2\repository\io\netty\netty-transport-native-unix-common\4.2.12.Final\netty-transport-native-unix-common-4.2.12.Final.jar;C:\Users\MyBook Hype AMD\.m2\repository\io\netty\netty-resolver\4.2.12.Final\netty-resolver-4.2.12.Final.jar;C:\Users\MyBook Hype AMD\.m2\repository\io\netty\netty-codec-classes-quic\4.2.12.Final\netty-codec-classes-quic-4.2.12.Final.jar;C:\Users\MyBook Hype AMD\.m2\repository\io\netty\netty-codec-native-quic\4.2.12.Final\netty-codec-native-quic-4.2.12.Final-linux-x86_64.jar;C:\Users\MyBook Hype AMD\.m2\repository\io\netty\netty-codec-native-quic\4.2.12.Final\netty-codec-native-quic-4.2.12.Final-linux-aarch_64.jar;C:\Users\MyBook Hype AMD\.m2\repository\io\netty\netty-codec-native-quic\4.2.12.Final\netty-codec-native-quic-4.2.12.Final-osx-x86_64.jar;C:\Users\MyBook Hype AMD\.m2\repository\io\netty\netty-codec-native-quic\4.2.12.Final\netty-codec-native-quic-4.2.12.Final-osx-aarch_64.jar;C:\Users\MyBook Hype AMD\.m2\repository\io\netty\netty-codec-native-quic\4.2.12.Final\netty-codec-native-quic-4.2.12.Final-windows-x86_64.jar;C:\Users\MyBook Hype AMD\.m2\repository\io\netty\netty-resolver-dns\4.2.12.Final\netty-resolver-dns-4.2.12.Final.jar;C:\Users\MyBook Hype AMD\.m2\repository\io\netty\netty-codec-dns\4.2.12.Final\netty-codec-dns-4.2.12.Final.jar;C:\Users\MyBook Hype AMD\.m2\repository\io\netty\netty-resolver-dns-native-macos\4.2.12.Final\netty-resolver-dns-native-macos-4.2.12.Final-osx-x86_64.jar;C:\Users\MyBook Hype AMD\.m2\repository\io\netty\netty-resolver-dns-classes-macos\4.2.12.Final\netty-resolver-dns-classes-macos-4.2.12.Final.jar;C:\Users\MyBook Hype AMD\.m2\repository\io\netty\netty-transport-native-epoll\4.2.12.Final\netty-transport-native-epoll-4.2.12.Final-linux-x86_64.jar;C:\Users\MyBook Hype AMD\.m2\repository\io\netty\netty-transport-classes-epoll\4.2.12.Final\netty-transport-classes-epoll-4.2.12.Final.jar;C:\Users\MyBook Hype AMD\.m2\repository\io\projectreactor\netty\reactor-netty-core\1.3.5\reactor-netty-core-1.3.5.jar;C:\Users\MyBook Hype AMD\.m2\repository\io\netty\netty-handler-proxy\4.2.12.Final\netty-handler-proxy-4.2.12.Final.jar;C:\Users\MyBook Hype AMD\.m2\repository\io\netty\netty-codec-socks\4.2.12.Final\netty-codec-socks-4.2.12.Final.jar;C:\Users\MyBook Hype AMD\.m2\repository\org\jspecify\jspecify\1.0.0\jspecify-1.0.0.jar;C:\Users\MyBook Hype AMD\.m2\repository\org\springframework\boot\spring-boot-starter-webmvc\4.0.6\spring-boot-starter-webmvc-4.0.6.jar;C:\Users\MyBook Hype AMD\.m2\repository\org\springframework\boot\spring-boot-starter-tomcat\4.0.6\spring-boot-starter-tomcat-4.0.6.jar;C:\Users\MyBook Hype AMD\.m2\repository\org\springframework\boot\spring-boot-starter-tomcat-runtime\4.0.6\spring-boot-starter-tomcat-runtime-4.0.6.jar;C:\Users\MyBook Hype AMD\.m2\repository\org\apache\tomcat\embed\tomcat-embed-core\11.0.21\tomcat-embed-core-11.0.21.jar;C:\Users\MyBook Hype AMD\.m2\repository\org\apache\tomcat\embed\tomcat-embed-websocket\11.0.21\tomcat-embed-websocket-11.0.21.jar;C:\Users\MyBook Hype AMD\.m2\repository\org\springframework\boot\spring-boot-tomcat\4.0.6\spring-boot-tomcat-4.0.6.jar;C:\Users\MyBook Hype AMD\.m2\repository\org\springframework\boot\spring-boot-http-converter\4.0.6\spring-boot-http-converter-4.0.6.jar;C:\Users\MyBook Hype AMD\.m2\repository\org\springframework\boot\spring-boot-webmvc\4.0.6\spring-boot-webmvc-4.0.6.jar;C:\Users\MyBook Hype AMD\.m2\repository\org\springframework\boot\spring-boot-servlet\4.0.6\spring-boot-servlet-4.0.6.jar;C:\Users\MyBook Hype AMD\.m2\repository\org\springframework\spring-webmvc\7.0.7\spring-webmvc-7.0.7.jar;C:\Users\MyBook Hype AMD\.m2\repository\org\springdoc\springdoc-openapi-starter-webmvc-ui\2.5.0\springdoc-openapi-starter-webmvc-ui-2.5.0.jar;C:\Users\MyBook Hype AMD\.m2\repository\org\springdoc\springdoc-openapi-starter-webmvc-api\2.5.0\springdoc-openapi-starter-webmvc-api-2.5.0.jar;C:\Users\MyBook Hype AMD\.m2\repository\org\springdoc\springdoc-openapi-starter-common\2.5.0\springdoc-openapi-starter-common-2.5.0.jar;C:\Users\MyBook Hype AMD\.m2\repository\io\swagger\core\v3\swagger-core-jakarta\2.2.21\swagger-core-jakarta-2.2.21.jar;C:\Users\MyBook Hype AMD\.m2\repository\org\apache\commons\commons-lang3\3.19.0\commons-lang3-3.19.0.jar;C:\Users\MyBook Hype AMD\.m2\repository\io\swagger\core\v3\swagger-annotations-jakarta\2.2.21\swagger-annotations-jakarta-2.2.21.jar;C:\Users\MyBook Hype AMD\.m2\repository\io\swagger\core\v3\swagger-models-jakarta\2.2.21\swagger-models-jakarta-2.2.21.jar;C:\Users\MyBook Hype AMD\.m2\repository\com\fasterxml\jackson\core\jackson-databind\2.21.2\jackson-databind-2.21.2.jar;C:\Users\MyBook Hype AMD\.m2\repository\com\fasterxml\jackson\core\jackson-core\2.21.2\jackson-core-2.21.2.jar;C:\Users\MyBook Hype AMD\.m2\repository\com\fasterxml\jackson\dataformat\jackson-dataformat-yaml\2.21.2\jackson-dataformat-yaml-2.21.2.jar;C:\Users\MyBook Hype AMD\.m2\repository\com\fasterxml\jackson\datatype\jackson-datatype-jsr310\2.21.2\jackson-datatype-jsr310-2.21.2.jar;C:\Users\MyBook Hype AMD\.m2\repository\org\webjars\swagger-ui\5.13.0\swagger-ui-5.13.0.jar;C:\Users\MyBook Hype AMD\.m2\repository\org\springframework\cloud\spring-cloud-starter-openfeign\5.0.1\spring-cloud-starter-openfeign-5.0.1.jar;C:\Users\MyBook Hype AMD\.m2\repository\org\springframework\cloud\spring-cloud-starter\5.0.1\spring-cloud-starter-5.0.1.jar;C:\Users\MyBook Hype AMD\.m2\repository\org\springframework\cloud\spring-cloud-context\5.0.1\spring-cloud-context-5.0.1.jar;C:\Users\MyBook Hype AMD\.m2\repository\org\bouncycastle\bcprov-jdk18on\1.81\bcprov-jdk18on-1.81.jar;C:\Users\MyBook Hype AMD\.m2\repository\org\springframework\cloud\spring-cloud-openfeign-core\5.0.1\spring-cloud-openfeign-core-5.0.1.jar;C:\Users\MyBook Hype AMD\.m2\repository\io\github\openfeign\feign-form-spring\13.6\feign-form-spring-13.6.jar;C:\Users\MyBook Hype AMD\.m2\repository\org\apache\commons\commons-text\1.13.0\commons-text-1.13.0.jar;C:\Users\MyBook Hype AMD\.m2\repository\io\github\openfeign\feign-form\13.6\feign-form-13.6.jar;C:\Users\MyBook Hype AMD\.m2\repository\commons-fileupload\commons-fileupload\1.5\commons-fileupload-1.5.jar;C:\Users\MyBook Hype AMD\.m2\repository\org\springframework\spring-web\7.0.7\spring-web-7.0.7.jar;C:\Users\MyBook Hype AMD\.m2\repository\io\micrometer\micrometer-observation\1.16.5\micrometer-observation-1.16.5.jar;C:\Users\MyBook Hype AMD\.m2\repository\io\micrometer\micrometer-commons\1.16.5\micrometer-commons-1.16.5.jar;C:\Users\MyBook Hype AMD\.m2\repository\org\springframework\cloud\spring-cloud-commons\5.0.1\spring-cloud-commons-5.0.1.jar;C:\Users\MyBook Hype AMD\.m2\repository\org\springframework\security\spring-security-crypto\7.0.5\spring-security-crypto-7.0.5.jar;C:\Users\MyBook Hype AMD\.m2\repository\io\github\openfeign\feign-core\13.6\feign-core-13.6.jar;C:\Users\MyBook Hype AMD\.m2\repository\io\github\openfeign\feign-slf4j\13.6\feign-slf4j-13.6.jar;C:\Users\MyBook Hype AMD\.m2\repository\org\slf4j\slf4j-api\2.0.17\slf4j-api-2.0.17.jar;C:\Users\MyBook Hype AMD\.m2\repository\org\springframework\boot\spring-boot-devtools\4.0.6\spring-boot-devtools-4.0.6.jar;C:\Users\MyBook Hype AMD\.m2\repository\org\springframework\boot\spring-boot\4.0.6\spring-boot-4.0.6.jar;C:\Users\MyBook Hype AMD\.m2\repository\org\springframework\spring-context\7.0.7\spring-context-7.0.7.jar;C:\Users\MyBook Hype AMD\.m2\repository\org\springframework\boot\spring-boot-autoconfigure\4.0.6\spring-boot-autoconfigure-4.0.6.jar;C:\Users\MyBook Hype AMD\.m2\repository\org\postgresql\postgresql\42.7.10\postgresql-42.7.10.jar;C:\Users\MyBook Hype AMD\.m2\repository\org\checkerframework\checker-qual\3.52.0\checker-qual-3.52.0.jar;C:\Users\MyBook Hype AMD\.m2\repository\org\projectlombok\lombok\1.18.46\lombok-1.18.46.jar;C:\Users\MyBook Hype AMD\.m2\repository\jakarta\xml\bind\jakarta.xml.bind-api\4.0.4\jakarta.xml.bind-api-4.0.4.jar;C:\Users\MyBook Hype AMD\.m2\repository\jakarta\activation\jakarta.activation-api\2.1.4\jakarta.activation-api-2.1.4.jar;C:\Users\MyBook Hype AMD\.m2\repository\net\bytebuddy\byte-buddy\1.17.8\byte-buddy-1.17.8.jar;C:\Users\MyBook Hype AMD\.m2\repository\org\springframework\boot\spring-boot-web-server\4.0.6\spring-boot-web-server-4.0.6.jar
Launcher Type: SUN_STANDARD

[Global flags]
     intx CICompilerCount                          = 4                                         {product} {ergonomic}
     uint ConcGCThreads                            = 3                                         {product} {ergonomic}
     uint G1ConcRefinementThreads                  = 10                                        {product} {ergonomic}
   size_t G1HeapRegionSize                         = 1048576                                   {product} {ergonomic}
    uintx GCDrainStackTargetSize                   = 64                                        {product} {ergonomic}
   size_t InitialHeapSize                          = 125829120                                 {product} {ergonomic}
   size_t MarkStackSize                            = 4194304                                   {product} {ergonomic}
   size_t MaxHeapSize                              = 1983905792                                {product} {ergonomic}
   size_t MaxNewSize                               = 1190133760                                {product} {ergonomic}
   size_t MinHeapDeltaBytes                        = 1048576                                   {product} {ergonomic}
   size_t MinHeapSize                              = 8388608                                   {product} {ergonomic}
    uintx NonNMethodCodeHeapSize                   = 5839372                                {pd product} {ergonomic}
    uintx NonProfiledCodeHeapSize                  = 122909434                              {pd product} {ergonomic}
    uintx ProfiledCodeHeapSize                     = 122909434                              {pd product} {ergonomic}
    uintx ReservedCodeCacheSize                    = 251658240                              {pd product} {ergonomic}
     bool SegmentedCodeCache                       = true                                      {product} {ergonomic}
     bool ShowCodeDetailsInExceptionMessages       = true                                   {manageable} {command line}
   size_t SoftMaxHeapSize                          = 1983905792                             {manageable} {ergonomic}
     bool UseCompressedOops                        = true                           {product lp64_product} {ergonomic}
     bool UseG1GC                                  = true                                      {product} {ergonomic}
     bool UseLargePagesIndividualAllocation        = false                                  {pd product} {ergonomic}

Logging:
Log output configuration:
 #0: stdout all=warning uptime,level,tags foldmultilines=false
 #1: stderr all=off uptime,level,tags foldmultilines=false

Release file:
JAVA_VERSION="21.0.10" 
MODULES="java.base java.compiler java.datatransfer java.xml java.prefs java.desktop java.instrument java.logging java.management java.security.sasl java.naming java.rmi java.management.rmi java.net.http java.scripting java.security.jgss java.transaction.xa java.sql java.sql.rowset java.xml.crypto java.se java.smartcardio jdk.accessibility jdk.internal.jvmstat jdk.attach jdk.charsets jdk.internal.opt jdk.zipfs jdk.compiler jdk.crypto.ec jdk.crypto.cryptoki jdk.crypto.mscapi jdk.dynalink jdk.internal.ed jdk.editpad jdk.hotspot.agent jdk.httpserver jdk.internal.le jdk.internal.vm.ci jdk.internal.vm.compiler jdk.internal.vm.compiler.management jdk.jartool jdk.javadoc jdk.jcmd jdk.management jdk.management.agent jdk.jconsole jdk.jdeps jdk.jdwp.agent jdk.jdi jdk.jfr jdk.jshell jdk.jsobject jdk.jstatd jdk.localedata jdk.management.jfr jdk.naming.dns jdk.naming.rmi jdk.net jdk.nio.mapmode jdk.random jdk.sctp jdk.security.auth jdk.security.jgss jdk.unsupported jdk.unsupported.desktop jdk.xml.dom" 

Environment Variables:
JAVA_HOME=C:\Program Files\Java\jdk-24
PATH=C:\Program Files\Java\jdk-24\bin;C:\Program Files\Java\jdk-24\bin;C:\Program Files\Common Files\Oracle\Java\javapath;C:\WINDOWS\system32;C:\WINDOWS;C:\WINDOWS\System32\Wbem;C:\WINDOWS\System32\WindowsPowerShell\v1.0\;C:\WINDOWS\System32\OpenSSH\;C:\Program Files\Git\cmd;C:\hugo;C:\Program Files\nodejs\;C:\Program Files\Apache\Maven\bin;C:\Program Files\Maven\apache-maven-3.9.16\bin;C:\Users\MyBook Hype AMD\AppData\Local\Programs\Python\Launcher\;C:\Users\MyBook Hype AMD\AppData\Local\pnpm;C:\Users\MyBook Hype AMD\AppData\Local\Microsoft\WindowsApps;E:\VSCode-win32-x64-1.89.1\bin;C:\Program Files\Java\jdk-24;C:\hugo;C:\Users\MyBook Hype AMD\AppData\Roaming\Composer\vendor\bin;C:\php-8.2.24-Win32-vs16-x64;C:\Users\MyBook Hype AMD\AppData\Local\ComposerSetup\bin;C:\mingw64\bin;%IntelliJ IDEA%;C:\Users\MyBook Hype AMD\AppData\Local\Android\Sdk;C:\Users\MyBook Hype AMD\AppData\Local\Android\Sdk\platform-tools;E:\flutter\flutter\bin;C:\ffmpeg\bin;C:\kotlinc\bin;C:\Users\MyBook Hype AMD\AppData\Roaming\npm;c:\Users\MyBook Hype AMD\.vscode\extensions\vscjava.vscode-java-debug-0.58.4\bundled\scripts\noConfigScripts
USERNAME=MyBook Hype AMD
LANG=en_US.UTF-8
OS=Windows_NT
PROCESSOR_IDENTIFIER=AMD64 Family 23 Model 104 Stepping 1, AuthenticAMD
TMP=C:\Users\MYBOOK~1\AppData\Local\Temp
TEMP=C:\Users\MYBOOK~1\AppData\Local\Temp




Periodic native trim disabled

---------------  S Y S T E M  ---------------

OS:
 Windows 11 , 64 bit Build 26100 (10.0.26100.7705)
OS uptime: 0 days 19:27 hours
Hyper-V role detected

CPU: total 12 (initial active 12) (12 cores per cpu, 2 threads per core) family 23 model 104 stepping 1 microcode 0x8608107, cx8, cmov, fxsr, ht, mmx, 3dnowpref, sse, sse2, sse3, ssse3, sse4a, sse4.1, sse4.2, popcnt, lzcnt, tsc, tscinvbit, avx, avx2, aes, clmul, bmi1, bmi2, adx, sha, fma, vzeroupper, clflush, clflushopt, hv, rdtscp, rdpid, f16c
Processor Information for the first 12 processors :
  Max Mhz: 2100, Current Mhz: 2100, Mhz Limit: 2100

Memory: 4k page, system-wide physical 7560M (5M free)
TotalPageFile size 28478M (AvailPageFile size 16M)
current process WorkingSet (physical memory assigned to process): 52M, peak: 348M
current process commit charge ("private bytes"): 432M, peak: 462M

vm_info: OpenJDK 64-Bit Server VM (21.0.10+7-LTS) for windows-amd64 JRE (21.0.10+7-LTS), built on 2026-01-20T00:00:00Z by "admin" with MS VC++ 17.12 (VS2022)

END.
